TN:
SF:src\app\router.tsx
FNF:0
FNH:0
DA:39,0
LF:1
LH:0
BRF:0
BRH:0
end_of_record
TN:
SF:src\app\store.ts
FNF:0
FNH:0
DA:8,0
LF:1
LH:0
BRF:0
BRH:0
end_of_record
TN:
SF:src\components\guards\index.tsx
FN:8,PrivateRoute
FN:9,(anonymous_1)
FN:19,AdminRoute
FN:20,(anonymous_3)
FNF:4
FNH:4
FNDA:2,PrivateRoute
FNDA:4,(anonymous_1)
FNDA:4,AdminRoute
FNDA:8,(anonymous_3)
DA:9,4
DA:10,2
DA:12,2
DA:13,1
DA:16,1
DA:20,8
DA:22,4
DA:23,1
DA:26,3
DA:27,1
DA:30,2
LF:11
LH:11
BRDA:12,0,0,1
BRDA:12,0,1,1
BRDA:22,1,0,1
BRDA:22,1,1,3
BRDA:26,2,0,1
BRDA:26,2,1,2
BRDA:26,3,0,3
BRDA:26,3,1,3
BRF:8
BRH:8
end_of_record
TN:
SF:src\components\layout\AdminLayout.tsx
FN:23,AdminLayout
FN:27,(anonymous_1)
FN:32,(anonymous_2)
FN:47,(anonymous_3)
FNF:4
FNH:0
FNDA:0,AdminLayout
FNDA:0,(anonymous_1)
FNDA:0,(anonymous_2)
FNDA:0,(anonymous_3)
DA:7,0
DA:24,0
DA:25,0
DA:26,0
DA:27,0
DA:28,0
DA:30,0
DA:32,0
DA:33,0
DA:34,0
DA:37,0
DA:48,0
DA:49,0
LF:13
LH:0
BRDA:48,0,0,0
BRDA:48,0,1,0
BRDA:48,0,2,0
BRDA:54,1,0,0
BRDA:54,1,1,0
BRF:5
BRH:0
end_of_record
TN:
SF:src\components\layout\AppLayout.tsx
FN:13,AppLayout
FN:17,(anonymous_1)
FN:18,(anonymous_2)
FN:26,(anonymous_3)
FN:35,(anonymous_4)
FN:39,(anonymous_5)
FN:39,(anonymous_6)
FN:62,(anonymous_7)
FN:70,(anonymous_8)
FN:76,(anonymous_9)
FN:78,(anonymous_10)
FN:165,(anonymous_11)
FNF:12
FNH:8
FNDA:12,AppLayout
FNDA:24,(anonymous_1)
FNDA:24,(anonymous_2)
FNDA:12,(anonymous_3)
FNDA:12,(anonymous_4)
FNDA:0,(anonymous_5)
FNDA:0,(anonymous_6)
FNDA:12,(anonymous_7)
FNDA:0,(anonymous_8)
FNDA:48,(anonymous_9)
FNDA:48,(anonymous_10)
FNDA:0,(anonymous_11)
DA:11,1
DA:14,12
DA:15,12
DA:16,12
DA:17,24
DA:18,24
DA:19,12
DA:20,12
DA:21,12
DA:22,12
DA:25,12
DA:26,12
DA:27,12
DA:28,0
DA:34,12
DA:35,12
DA:36,12
DA:37,0
DA:39,0
DA:48,0
DA:62,12
DA:63,12
DA:64,12
DA:67,12
DA:68,12
DA:70,12
DA:71,0
DA:72,0
DA:73,0
DA:76,48
DA:78,12
DA:79,48
DA:84,12
DA:165,0
LF:34
LH:26
BRDA:27,0,0,0
BRDA:27,0,1,12
BRDA:27,1,0,12
BRDA:27,1,1,0
BRDA:36,2,0,0
BRDA:36,2,1,12
BRDA:42,3,0,0
BRDA:42,3,1,0
BRDA:42,3,2,0
BRDA:43,4,0,0
BRDA:43,4,1,0
BRDA:43,4,2,0
BRDA:45,5,0,0
BRDA:45,5,1,0
BRDA:46,6,0,0
BRDA:46,6,1,0
BRDA:49,7,0,0
BRDA:49,7,1,0
BRDA:50,8,0,0
BRDA:50,8,1,0
BRDA:51,9,0,0
BRDA:51,9,1,0
BRDA:52,10,0,0
BRDA:52,10,1,0
BRDA:53,11,0,0
BRDA:53,11,1,0
BRDA:54,12,0,0
BRDA:54,12,1,0
BRDA:55,13,0,0
BRDA:55,13,1,0
BRDA:55,13,2,0
BRDA:56,14,0,0
BRDA:56,14,1,0
BRDA:79,15,0,0
BRDA:79,15,1,48
BRDA:133,16,0,12
BRDA:133,16,1,1
BRDA:140,17,0,2
BRDA:140,17,1,10
BRDA:146,18,0,2
BRDA:146,18,1,0
BRDA:148,19,0,2
BRDA:148,19,1,2
BRDA:148,19,2,1
BRDA:169,20,0,0
BRDA:169,20,1,12
BRDA:183,21,0,12
BRDA:183,21,1,0
BRDA:190,22,0,0
BRDA:190,22,1,0
BRDA:194,23,0,0
BRDA:194,23,1,0
BRDA:194,23,2,0
BRF:53
BRH:14
end_of_record
TN:
SF:src\components\ui\Badge.tsx
FN:15,Badge
FNF:1
FNH:1
FNDA:26,Badge
DA:7,3
DA:16,26
LF:2
LH:2
BRDA:15,0,0,26
BRDA:15,1,0,26
BRF:2
BRH:2
end_of_record
TN:
SF:src\components\ui\Button.tsx
FN:27,Button
FNF:1
FNH:1
FNDA:65,Button
DA:13,6
DA:21,6
DA:28,65
LF:3
LH:3
BRDA:27,0,0,65
BRDA:27,1,0,65
BRDA:27,2,0,65
BRDA:31,3,0,65
BRDA:31,3,1,63
BRDA:34,4,0,65
BRDA:34,4,1,2
BRF:7
BRH:7
end_of_record
TN:
SF:src\components\ui\Input.tsx
FN:9,(anonymous_0)
FNF:1
FNH:1
FNDA:110,(anonymous_0)
DA:8,4
DA:10,110
DA:11,110
DA:32,4
LF:4
LH:4
BRDA:9,0,0,110
BRDA:10,1,0,110
BRDA:10,1,1,109
BRDA:13,2,0,110
BRDA:13,2,1,108
BRDA:22,3,0,2
BRDA:22,3,1,108
BRDA:26,4,0,110
BRDA:26,4,1,2
BRF:9
BRH:9
end_of_record
TN:
SF:src\components\ui\Select.tsx
FN:10,(anonymous_0)
FN:19,(anonymous_1)
FNF:2
FNH:2
FNDA:5,(anonymous_0)
FNDA:15,(anonymous_1)
DA:9,1
DA:11,5
DA:20,15
DA:31,1
LF:4
LH:4
BRDA:10,0,0,5
BRDA:13,1,0,5
BRDA:13,1,1,1
BRDA:25,2,0,5
BRDA:25,2,1,1
BRF:5
BRH:5
end_of_record
TN:
SF:src\components\ui\Spinner.tsx
FN:1,Spinner
FN:12,PageLoader
FNF:2
FNH:2
FNDA:4,Spinner
FNDA:2,PageLoader
DA:2,4
DA:13,2
LF:2
LH:2
BRDA:1,0,0,4
BRF:1
BRH:1
end_of_record
TN:
SF:src\components\ui\index.ts
FNF:0
FNH:0
LF:0
LH:0
BRF:0
BRH:0
end_of_record
TN:
SF:src\features\admin\api.ts
FN:5,useDashboardSummaryQuery
FN:8,(anonymous_1)
FN:15,useAdminProductsQuery
FN:18,(anonymous_3)
FN:25,useAdminCreateProductMutation
FN:28,(anonymous_5)
FN:34,(anonymous_6)
FN:38,useAdminUpdateProductMutation
FN:41,(anonymous_8)
FN:48,(anonymous_9)
FN:52,useAdminDeleteProductMutation
FN:55,(anonymous_11)
FN:59,(anonymous_12)
FN:63,useAdminOrdersQuery
FN:66,(anonymous_14)
FN:73,useAdminUpdateOrderStatusMutation
FN:76,(anonymous_16)
FN:80,(anonymous_17)
FN:84,useAdminCustomersQuery
FN:87,(anonymous_19)
FN:94,useAdminInventoryQuery
FN:97,(anonymous_21)
FN:104,useAdminUpdateStockMutation
FN:107,(anonymous_23)
FN:111,(anonymous_24)
FN:115,useRevenueChartQuery
FN:118,(anonymous_26)
FN:126,useAdminCategoriesQuery
FN:129,(anonymous_28)
FN:136,useAdminCreateCategoryMutation
FN:139,(anonymous_30)
FN:143,(anonymous_31)
FN:147,useAdminUpdateCategoryMutation
FN:150,(anonymous_33)
FN:154,(anonymous_34)
FN:158,useAdminDeleteCategoryMutation
FN:161,(anonymous_36)
FN:165,(anonymous_37)
FN:170,useAdminReviewsQuery
FN:173,(anonymous_39)
FN:180,useAdminUpdateReviewMutation
FN:183,(anonymous_41)
FN:187,(anonymous_42)
FN:191,useAdminDeleteReviewMutation
FN:194,(anonymous_44)
FN:198,(anonymous_45)
FN:203,useAdminPagesQuery
FN:206,(anonymous_47)
FN:213,useAdminCreatePageMutation
FN:216,(anonymous_49)
FN:220,(anonymous_50)
FN:224,useAdminUpdatePageMutation
FN:227,(anonymous_52)
FN:231,(anonymous_53)
FN:235,useAdminDeletePageMutation
FN:238,(anonymous_55)
FN:242,(anonymous_56)
FN:247,useAdminPostsQuery
FN:250,(anonymous_58)
FN:257,useAdminCreatePostMutation
FN:260,(anonymous_60)
FN:264,(anonymous_61)
FN:268,useAdminUpdatePostMutation
FN:271,(anonymous_63)
FN:275,(anonymous_64)
FN:279,useAdminDeletePostMutation
FN:282,(anonymous_66)
FN:286,(anonymous_67)
FN:291,useAdminBannersQuery
FN:294,(anonymous_69)
FN:301,useAdminCreateBannerMutation
FN:304,(anonymous_71)
FN:310,(anonymous_72)
FN:314,useAdminUpdateBannerMutation
FN:317,(anonymous_74)
FN:324,(anonymous_75)
FN:328,useAdminDeleteBannerMutation
FN:331,(anonymous_77)
FN:335,(anonymous_78)
FN:340,useAdminFaqsQuery
FN:343,(anonymous_80)
FN:350,useAdminCreateFaqMutation
FN:353,(anonymous_82)
FN:357,(anonymous_83)
FN:361,useAdminUpdateFaqMutation
FN:364,(anonymous_85)
FN:368,(anonymous_86)
FN:372,useAdminDeleteFaqMutation
FN:375,(anonymous_88)
FN:379,(anonymous_89)
FN:384,useAdminMediaQuery
FN:387,(anonymous_91)
FN:394,useAdminUploadMediaMutation
FN:397,(anonymous_93)
FN:403,(anonymous_94)
FN:407,useAdminDeleteMediaMutation
FN:410,(anonymous_96)
FN:414,(anonymous_97)
FN:419,useAdminSettingsQuery
FN:422,(anonymous_99)
FN:429,useAdminUpdateSettingsMutation
FN:432,(anonymous_101)
FN:436,(anonymous_102)
FNF:103
FNH:0
FNDA:0,useDashboardSummaryQuery
FNDA:0,(anonymous_1)
FNDA:0,useAdminProductsQuery
FNDA:0,(anonymous_3)
FNDA:0,useAdminCreateProductMutation
FNDA:0,(anonymous_5)
FNDA:0,(anonymous_6)
FNDA:0,useAdminUpdateProductMutation
FNDA:0,(anonymous_8)
FNDA:0,(anonymous_9)
FNDA:0,useAdminDeleteProductMutation
FNDA:0,(anonymous_11)
FNDA:0,(anonymous_12)
FNDA:0,useAdminOrdersQuery
FNDA:0,(anonymous_14)
FNDA:0,useAdminUpdateOrderStatusMutation
FNDA:0,(anonymous_16)
FNDA:0,(anonymous_17)
FNDA:0,useAdminCustomersQuery
FNDA:0,(anonymous_19)
FNDA:0,useAdminInventoryQuery
FNDA:0,(anonymous_21)
FNDA:0,useAdminUpdateStockMutation
FNDA:0,(anonymous_23)
FNDA:0,(anonymous_24)
FNDA:0,useRevenueChartQuery
FNDA:0,(anonymous_26)
FNDA:0,useAdminCategoriesQuery
FNDA:0,(anonymous_28)
FNDA:0,useAdminCreateCategoryMutation
FNDA:0,(anonymous_30)
FNDA:0,(anonymous_31)
FNDA:0,useAdminUpdateCategoryMutation
FNDA:0,(anonymous_33)
FNDA:0,(anonymous_34)
FNDA:0,useAdminDeleteCategoryMutation
FNDA:0,(anonymous_36)
FNDA:0,(anonymous_37)
FNDA:0,useAdminReviewsQuery
FNDA:0,(anonymous_39)
FNDA:0,useAdminUpdateReviewMutation
FNDA:0,(anonymous_41)
FNDA:0,(anonymous_42)
FNDA:0,useAdminDeleteReviewMutation
FNDA:0,(anonymous_44)
FNDA:0,(anonymous_45)
FNDA:0,useAdminPagesQuery
FNDA:0,(anonymous_47)
FNDA:0,useAdminCreatePageMutation
FNDA:0,(anonymous_49)
FNDA:0,(anonymous_50)
FNDA:0,useAdminUpdatePageMutation
FNDA:0,(anonymous_52)
FNDA:0,(anonymous_53)
FNDA:0,useAdminDeletePageMutation
FNDA:0,(anonymous_55)
FNDA:0,(anonymous_56)
FNDA:0,useAdminPostsQuery
FNDA:0,(anonymous_58)
FNDA:0,useAdminCreatePostMutation
FNDA:0,(anonymous_60)
FNDA:0,(anonymous_61)
FNDA:0,useAdminUpdatePostMutation
FNDA:0,(anonymous_63)
FNDA:0,(anonymous_64)
FNDA:0,useAdminDeletePostMutation
FNDA:0,(anonymous_66)
FNDA:0,(anonymous_67)
FNDA:0,useAdminBannersQuery
FNDA:0,(anonymous_69)
FNDA:0,useAdminCreateBannerMutation
FNDA:0,(anonymous_71)
FNDA:0,(anonymous_72)
FNDA:0,useAdminUpdateBannerMutation
FNDA:0,(anonymous_74)
FNDA:0,(anonymous_75)
FNDA:0,useAdminDeleteBannerMutation
FNDA:0,(anonymous_77)
FNDA:0,(anonymous_78)
FNDA:0,useAdminFaqsQuery
FNDA:0,(anonymous_80)
FNDA:0,useAdminCreateFaqMutation
FNDA:0,(anonymous_82)
FNDA:0,(anonymous_83)
FNDA:0,useAdminUpdateFaqMutation
FNDA:0,(anonymous_85)
FNDA:0,(anonymous_86)
FNDA:0,useAdminDeleteFaqMutation
FNDA:0,(anonymous_88)
FNDA:0,(anonymous_89)
FNDA:0,useAdminMediaQuery
FNDA:0,(anonymous_91)
FNDA:0,useAdminUploadMediaMutation
FNDA:0,(anonymous_93)
FNDA:0,(anonymous_94)
FNDA:0,useAdminDeleteMediaMutation
FNDA:0,(anonymous_96)
FNDA:0,(anonymous_97)
FNDA:0,useAdminSettingsQuery
FNDA:0,(anonymous_99)
FNDA:0,useAdminUpdateSettingsMutation
FNDA:0,(anonymous_101)
FNDA:0,(anonymous_102)
DA:6,0
DA:9,0
DA:10,0
DA:16,0
DA:19,0
DA:20,0
DA:26,0
DA:27,0
DA:29,0
DA:32,0
DA:34,0
DA:39,0
DA:40,0
DA:42,0
DA:43,0
DA:46,0
DA:48,0
DA:53,0
DA:54,0
DA:56,0
DA:57,0
DA:59,0
DA:64,0
DA:67,0
DA:68,0
DA:74,0
DA:75,0
DA:77,0
DA:78,0
DA:80,0
DA:85,0
DA:88,0
DA:89,0
DA:95,0
DA:98,0
DA:99,0
DA:105,0
DA:106,0
DA:108,0
DA:109,0
DA:111,0
DA:116,0
DA:119,0
DA:120,0
DA:127,0
DA:130,0
DA:131,0
DA:137,0
DA:138,0
DA:140,0
DA:141,0
DA:143,0
DA:148,0
DA:149,0
DA:151,0
DA:152,0
DA:154,0
DA:159,0
DA:160,0
DA:162,0
DA:163,0
DA:165,0
DA:171,0
DA:174,0
DA:175,0
DA:181,0
DA:182,0
DA:184,0
DA:185,0
DA:187,0
DA:192,0
DA:193,0
DA:195,0
DA:196,0
DA:198,0
DA:204,0
DA:207,0
DA:208,0
DA:214,0
DA:215,0
DA:217,0
DA:218,0
DA:220,0
DA:225,0
DA:226,0
DA:228,0
DA:229,0
DA:231,0
DA:236,0
DA:237,0
DA:239,0
DA:240,0
DA:242,0
DA:248,0
DA:251,0
DA:252,0
DA:258,0
DA:259,0
DA:261,0
DA:262,0
DA:264,0
DA:269,0
DA:270,0
DA:272,0
DA:273,0
DA:275,0
DA:280,0
DA:281,0
DA:283,0
DA:284,0
DA:286,0
DA:292,0
DA:295,0
DA:296,0
DA:302,0
DA:303,0
DA:305,0
DA:308,0
DA:310,0
DA:315,0
DA:316,0
DA:318,0
DA:319,0
DA:322,0
DA:324,0
DA:329,0
DA:330,0
DA:332,0
DA:333,0
DA:335,0
DA:341,0
DA:344,0
DA:345,0
DA:351,0
DA:352,0
DA:354,0
DA:355,0
DA:357,0
DA:362,0
DA:363,0
DA:365,0
DA:366,0
DA:368,0
DA:373,0
DA:374,0
DA:376,0
DA:377,0
DA:379,0
DA:385,0
DA:388,0
DA:389,0
DA:395,0
DA:396,0
DA:398,0
DA:401,0
DA:403,0
DA:408,0
DA:409,0
DA:411,0
DA:412,0
DA:414,0
DA:420,0
DA:423,0
DA:424,0
DA:430,0
DA:431,0
DA:433,0
DA:434,0
DA:436,0
LF:169
LH:0
BRDA:423,0,0,0
BRDA:423,0,1,0
BRF:2
BRH:0
end_of_record
TN:
SF:src\features\admin\pages\AdminBannersPage.tsx
FN:21,AdminBannersPage
FN:34,(anonymous_1)
FN:35,(anonymous_2)
FN:37,(anonymous_3)
FN:40,(anonymous_4)
FN:44,(anonymous_5)
FN:46,(anonymous_6)
FN:62,(anonymous_7)
FN:63,(anonymous_8)
FN:64,(anonymous_9)
FN:72,(anonymous_10)
FN:79,(anonymous_11)
FN:81,(anonymous_12)
FN:88,(anonymous_13)
FN:94,(anonymous_14)
FN:104,(anonymous_15)
FN:105,(anonymous_16)
FNF:17
FNH:0
FNDA:0,AdminBannersPage
FNDA:0,(anonymous_1)
FNDA:0,(anonymous_2)
FNDA:0,(anonymous_3)
FNDA:0,(anonymous_4)
FNDA:0,(anonymous_5)
FNDA:0,(anonymous_6)
FNDA:0,(anonymous_7)
FNDA:0,(anonymous_8)
FNDA:0,(anonymous_9)
FNDA:0,(anonymous_10)
FNDA:0,(anonymous_11)
FNDA:0,(anonymous_12)
FNDA:0,(anonymous_13)
FNDA:0,(anonymous_14)
FNDA:0,(anonymous_15)
FNDA:0,(anonymous_16)
DA:22,0
DA:23,0
DA:24,0
DA:25,0
DA:27,0
DA:28,0
DA:29,0
DA:30,0
DA:32,0
DA:34,0
DA:35,0
DA:37,0
DA:38,0
DA:39,0
DA:40,0
DA:41,0
DA:43,0
DA:44,0
DA:46,0
DA:50,0
DA:52,0
DA:62,0
DA:63,0
DA:64,0
DA:72,0
DA:79,0
DA:81,0
DA:88,0
DA:95,0
DA:104,0
DA:105,0
LF:31
LH:0
BRDA:32,0,0,0
BRDA:32,0,1,0
BRDA:32,0,2,0
BRDA:35,1,0,0
BRDA:35,1,1,0
BRDA:35,2,0,0
BRDA:35,2,1,0
BRDA:41,3,0,0
BRDA:41,3,1,0
BRDA:43,4,0,0
BRDA:43,4,1,0
BRDA:50,5,0,0
BRDA:50,5,1,0
BRDA:59,6,0,0
BRDA:59,6,1,0
BRDA:61,7,0,0
BRDA:61,7,1,0
BRDA:79,8,0,0
BRDA:79,8,1,0
BRDA:85,9,0,0
BRDA:85,9,1,0
BRDA:86,10,0,0
BRDA:86,10,1,0
BRDA:100,11,0,0
BRDA:100,11,1,0
BRDA:100,12,0,0
BRDA:100,12,1,0
BRDA:105,13,0,0
BRDA:105,13,1,0
BRDA:110,14,0,0
BRDA:110,14,1,0
BRF:31
BRH:0
end_of_record
TN:
SF:src\features\admin\pages\AdminCategoriesPage.tsx
FN:23,AdminCategoriesPage
FN:35,(anonymous_1)
FN:36,(anonymous_2)
FN:38,(anonymous_3)
FN:41,(anonymous_4)
FN:43,(anonymous_5)
FN:59,(anonymous_6)
FN:60,(anonymous_7)
FN:62,(anonymous_8)
FN:69,(anonymous_9)
FN:86,(anonymous_10)
FN:95,(anonymous_11)
FN:96,(anonymous_12)
FNF:13
FNH:0
FNDA:0,AdminCategoriesPage
FNDA:0,(anonymous_1)
FNDA:0,(anonymous_2)
FNDA:0,(anonymous_3)
FNDA:0,(anonymous_4)
FNDA:0,(anonymous_5)
FNDA:0,(anonymous_6)
FNDA:0,(anonymous_7)
FNDA:0,(anonymous_8)
FNDA:0,(anonymous_9)
FNDA:0,(anonymous_10)
FNDA:0,(anonymous_11)
FNDA:0,(anonymous_12)
DA:24,0
DA:25,0
DA:26,0
DA:27,0
DA:29,0
DA:30,0
DA:31,0
DA:33,0
DA:35,0
DA:36,0
DA:38,0
DA:39,0
DA:40,0
DA:41,0
DA:43,0
DA:47,0
DA:49,0
DA:59,0
DA:60,0
DA:62,0
DA:69,0
DA:87,0
DA:95,0
DA:96,0
LF:24
LH:0
BRDA:33,0,0,0
BRDA:33,0,1,0
BRDA:33,0,2,0
BRDA:36,1,0,0
BRDA:36,1,1,0
BRDA:40,2,0,0
BRDA:40,2,1,0
BRDA:47,3,0,0
BRDA:47,3,1,0
BRDA:56,4,0,0
BRDA:56,4,1,0
BRDA:58,5,0,0
BRDA:58,5,1,0
BRDA:66,6,0,0
BRDA:66,6,1,0
BRDA:67,7,0,0
BRDA:67,7,1,0
BRDA:90,8,0,0
BRDA:90,8,1,0
BRDA:92,9,0,0
BRDA:92,9,1,0
BRDA:92,10,0,0
BRDA:92,10,1,0
BRDA:96,11,0,0
BRDA:96,11,1,0
BRDA:100,12,0,0
BRDA:100,12,1,0
BRF:27
BRH:0
end_of_record
TN:
SF:src\features\admin\pages\AdminCustomersPage.tsx
FN:17,AdminCustomersPage
FN:35,(anonymous_1)
FN:51,(anonymous_2)
FN:77,(anonymous_3)
FN:79,(anonymous_4)
FNF:5
FNH:0
FNDA:0,AdminCustomersPage
FNDA:0,(anonymous_1)
FNDA:0,(anonymous_2)
FNDA:0,(anonymous_3)
FNDA:0,(anonymous_4)
DA:18,0
DA:19,0
DA:20,0
DA:22,0
DA:23,0
DA:25,0
DA:27,0
DA:35,0
DA:52,0
DA:77,0
DA:79,0
LF:11
LH:0
BRDA:20,0,0,0
BRDA:20,0,1,0
BRDA:22,1,0,0
BRDA:22,1,1,0
BRDA:22,1,2,0
BRDA:23,2,0,0
BRDA:23,2,1,0
BRDA:23,2,2,0
BRDA:25,3,0,0
BRDA:25,3,1,0
BRDA:57,4,0,0
BRDA:57,4,1,0
BRDA:61,5,0,0
BRDA:61,5,1,0
BRDA:68,6,0,0
BRDA:68,6,1,0
BRDA:75,7,0,0
BRDA:75,7,1,0
BRDA:75,7,2,0
BRF:19
BRH:0
end_of_record
TN:
SF:src\features\admin\pages\AdminDashboardPage.tsx
FN:8,AdminDashboardPage
FN:10,(anonymous_1)
FN:49,(anonymous_2)
FN:61,(anonymous_3)
FN:83,(anonymous_4)
FN:103,(anonymous_5)
FN:126,(anonymous_6)
FN:152,(anonymous_7)
FNF:8
FNH:0
FNDA:0,AdminDashboardPage
FNDA:0,(anonymous_1)
FNDA:0,(anonymous_2)
FNDA:0,(anonymous_3)
FNDA:0,(anonymous_4)
FNDA:0,(anonymous_5)
FNDA:0,(anonymous_6)
FNDA:0,(anonymous_7)
DA:9,0
DA:10,0
DA:11,0
DA:12,0
DA:14,0
DA:16,0
DA:43,0
DA:49,0
DA:62,0
DA:84,0
DA:104,0
DA:127,0
DA:153,0
LF:13
LH:0
BRDA:14,0,0,0
BRDA:14,0,1,0
BRDA:19,1,0,0
BRDA:19,1,1,0
BRDA:25,2,0,0
BRDA:25,2,1,0
BRDA:31,3,0,0
BRDA:31,3,1,0
BRDA:37,4,0,0
BRDA:37,4,1,0
BRDA:39,5,0,0
BRDA:39,5,1,0
BRDA:62,6,0,0
BRDA:62,6,1,0
BRDA:68,7,0,0
BRDA:68,7,1,0
BRDA:69,8,0,0
BRDA:69,8,1,0
BRDA:70,9,0,0
BRDA:70,9,1,0
BRDA:79,10,0,0
BRDA:79,10,1,0
BRDA:86,11,0,0
BRDA:86,11,1,0
BRDA:86,12,0,0
BRDA:86,12,1,0
BRDA:96,13,0,0
BRDA:96,13,1,0
BRDA:110,14,0,0
BRDA:110,14,1,0
BRDA:122,15,0,0
BRDA:122,15,1,0
BRDA:145,16,0,0
BRDA:145,16,1,0
BRDA:145,16,2,0
BRDA:158,17,0,0
BRDA:158,17,1,0
BRDA:159,18,0,0
BRDA:159,18,1,0
BRF:39
BRH:0
end_of_record
TN:
SF:src\features\admin\pages\AdminFaqsPage.tsx
FN:16,AdminFaqsPage
FN:28,(anonymous_1)
FN:29,(anonymous_2)
FN:31,(anonymous_3)
FN:34,(anonymous_4)
FN:36,(anonymous_5)
FN:44,(anonymous_6)
FN:59,(anonymous_7)
FN:65,(anonymous_8)
FN:74,(anonymous_9)
FN:78,(anonymous_10)
FN:80,(anonymous_11)
FN:87,(anonymous_12)
FN:92,(anonymous_13)
FN:96,(anonymous_14)
FN:104,(anonymous_15)
FN:105,(anonymous_16)
FNF:17
FNH:0
FNDA:0,AdminFaqsPage
FNDA:0,(anonymous_1)
FNDA:0,(anonymous_2)
FNDA:0,(anonymous_3)
FNDA:0,(anonymous_4)
FNDA:0,(anonymous_5)
FNDA:0,(anonymous_6)
FNDA:0,(anonymous_7)
FNDA:0,(anonymous_8)
FNDA:0,(anonymous_9)
FNDA:0,(anonymous_10)
FNDA:0,(anonymous_11)
FNDA:0,(anonymous_12)
FNDA:0,(anonymous_13)
FNDA:0,(anonymous_14)
FNDA:0,(anonymous_15)
FNDA:0,(anonymous_16)
DA:17,0
DA:18,0
DA:19,0
DA:20,0
DA:22,0
DA:23,0
DA:24,0
DA:26,0
DA:28,0
DA:29,0
DA:31,0
DA:32,0
DA:33,0
DA:34,0
DA:36,0
DA:40,0
DA:43,0
DA:44,0
DA:45,0
DA:46,0
DA:49,0
DA:59,0
DA:65,0
DA:74,0
DA:78,0
DA:80,0
DA:87,0
DA:93,0
DA:97,0
DA:104,0
DA:105,0
LF:31
LH:0
BRDA:26,0,0,0
BRDA:26,0,1,0
BRDA:26,0,2,0
BRDA:33,1,0,0
BRDA:33,1,1,0
BRDA:40,2,0,0
BRDA:40,2,1,0
BRDA:45,3,0,0
BRDA:45,3,1,0
BRDA:56,4,0,0
BRDA:56,4,1,0
BRDA:58,5,0,0
BRDA:58,5,1,0
BRDA:78,6,0,0
BRDA:78,6,1,0
BRDA:84,7,0,0
BRDA:84,7,1,0
BRDA:85,8,0,0
BRDA:85,8,1,0
BRDA:105,9,0,0
BRDA:105,9,1,0
BRDA:114,10,0,0
BRDA:114,10,1,0
BRF:23
BRH:0
end_of_record
TN:
SF:src\features\admin\pages\AdminInventoryPage.tsx
FN:19,AdminInventoryPage
FN:31,(anonymous_1)
FN:34,(anonymous_2)
FN:40,(anonymous_3)
FN:51,(anonymous_4)
FN:54,(anonymous_5)
FN:76,(anonymous_6)
FN:94,(anonymous_7)
FN:107,(anonymous_8)
FN:108,(anonymous_9)
FN:114,(anonymous_10)
FN:131,(anonymous_11)
FN:133,(anonymous_12)
FNF:13
FNH:0
FNDA:0,AdminInventoryPage
FNDA:0,(anonymous_1)
FNDA:0,(anonymous_2)
FNDA:0,(anonymous_3)
FNDA:0,(anonymous_4)
FNDA:0,(anonymous_5)
FNDA:0,(anonymous_6)
FNDA:0,(anonymous_7)
FNDA:0,(anonymous_8)
FNDA:0,(anonymous_9)
FNDA:0,(anonymous_10)
FNDA:0,(anonymous_11)
FNDA:0,(anonymous_12)
DA:20,0
DA:21,0
DA:22,0
DA:23,0
DA:25,0
DA:26,0
DA:28,0
DA:29,0
DA:31,0
DA:32,0
DA:34,0
DA:38,0
DA:40,0
DA:41,0
DA:42,0
DA:43,0
DA:46,0
DA:52,0
DA:54,0
DA:77,0
DA:94,0
DA:107,0
DA:108,0
DA:114,0
DA:131,0
DA:133,0
LF:26
LH:0
BRDA:25,0,0,0
BRDA:25,0,1,0
BRDA:28,1,0,0
BRDA:28,1,1,0
BRDA:28,1,2,0
BRDA:29,2,0,0
BRDA:29,2,1,0
BRDA:29,2,2,0
BRDA:38,3,0,0
BRDA:38,3,1,0
BRDA:41,4,0,0
BRDA:41,4,1,0
BRDA:42,5,0,0
BRDA:42,5,1,0
BRDA:55,6,0,0
BRDA:55,6,1,0
BRDA:57,7,0,0
BRDA:57,7,1,0
BRDA:57,8,0,0
BRDA:57,8,1,0
BRDA:80,9,0,0
BRDA:80,9,1,0
BRDA:87,10,0,0
BRDA:87,10,1,0
BRDA:89,11,0,0
BRDA:89,11,1,0
BRDA:105,12,0,0
BRDA:105,12,1,0
BRDA:122,13,0,0
BRDA:122,13,1,0
BRDA:129,14,0,0
BRDA:129,14,1,0
BRDA:129,14,2,0
BRF:33
BRH:0
end_of_record
TN:
SF:src\features\admin\pages\AdminMediaPage.tsx
FN:15,formatBytes
FN:22,AdminMediaPage
FN:33,(anonymous_2)
FN:36,(anonymous_3)
FN:44,(anonymous_4)
FN:47,(anonymous_5)
FN:63,(anonymous_6)
FN:76,(anonymous_7)
FN:82,(anonymous_8)
FN:98,(anonymous_9)
FN:100,(anonymous_10)
FNF:11
FNH:0
FNDA:0,formatBytes
FNDA:0,AdminMediaPage
FNDA:0,(anonymous_2)
FNDA:0,(anonymous_3)
FNDA:0,(anonymous_4)
FNDA:0,(anonymous_5)
FNDA:0,(anonymous_6)
FNDA:0,(anonymous_7)
FNDA:0,(anonymous_8)
FNDA:0,(anonymous_9)
FNDA:0,(anonymous_10)
DA:16,0
DA:17,0
DA:18,0
DA:19,0
DA:23,0
DA:24,0
DA:25,0
DA:26,0
DA:27,0
DA:28,0
DA:30,0
DA:31,0
DA:33,0
DA:34,0
DA:35,0
DA:36,0
DA:37,0
DA:38,0
DA:39,0
DA:41,0
DA:44,0
DA:45,0
DA:46,0
DA:47,0
DA:50,0
DA:52,0
DA:64,0
DA:76,0
DA:82,0
DA:98,0
DA:100,0
LF:31
LH:0
BRDA:16,0,0,0
BRDA:16,0,1,0
BRDA:18,1,0,0
BRDA:18,1,1,0
BRDA:30,2,0,0
BRDA:30,2,1,0
BRDA:30,2,2,0
BRDA:31,3,0,0
BRDA:31,3,1,0
BRDA:31,3,2,0
BRDA:35,4,0,0
BRDA:35,4,1,0
BRDA:41,5,0,0
BRDA:41,5,1,0
BRDA:50,6,0,0
BRDA:50,6,1,0
BRDA:65,7,0,0
BRDA:65,7,1,0
BRDA:78,8,0,0
BRDA:78,8,1,0
BRDA:82,9,0,0
BRDA:82,9,1,0
BRDA:92,10,0,0
BRDA:92,10,1,0
BRDA:96,11,0,0
BRDA:96,11,1,0
BRDA:96,11,2,0
BRF:27
BRH:0
end_of_record
TN:
SF:src\features\admin\pages\AdminOrdersPage.tsx
FN:7,(anonymous_0)
FN:33,AdminOrdersPage
FN:54,(anonymous_2)
FN:59,(anonymous_3)
FN:84,(anonymous_4)
FN:101,(anonymous_5)
FN:107,(anonymous_6)
FN:121,(anonymous_7)
FN:123,(anonymous_8)
FNF:9
FNH:0
FNDA:0,(anonymous_0)
FNDA:0,AdminOrdersPage
FNDA:0,(anonymous_2)
FNDA:0,(anonymous_3)
FNDA:0,(anonymous_4)
FNDA:0,(anonymous_5)
FNDA:0,(anonymous_6)
FNDA:0,(anonymous_7)
FNDA:0,(anonymous_8)
DA:7,0
DA:8,0
DA:12,0
DA:15,0
DA:34,0
DA:35,0
DA:36,0
DA:37,0
DA:38,0
DA:40,0
DA:41,0
DA:43,0
DA:45,0
DA:54,0
DA:59,0
DA:85,0
DA:102,0
DA:107,0
DA:121,0
DA:123,0
LF:20
LH:0
BRDA:12,0,0,0
BRDA:12,0,1,0
BRDA:37,1,0,0
BRDA:37,1,1,0
BRDA:37,2,0,0
BRDA:37,2,1,0
BRDA:40,3,0,0
BRDA:40,3,1,0
BRDA:40,3,2,0
BRDA:41,4,0,0
BRDA:41,4,1,0
BRDA:41,4,2,0
BRDA:43,5,0,0
BRDA:43,5,1,0
BRDA:88,6,0,0
BRDA:88,6,1,0
BRDA:101,7,0,0
BRDA:101,7,1,0
BRDA:105,8,0,0
BRDA:105,8,1,0
BRDA:119,9,0,0
BRDA:119,9,1,0
BRDA:119,9,2,0
BRF:23
BRH:0
end_of_record
TN:
SF:src\features\admin\pages\AdminPagesPage.tsx
FN:16,AdminPagesPage
FN:28,(anonymous_1)
FN:29,(anonymous_2)
FN:31,(anonymous_3)
FN:34,(anonymous_4)
FN:36,(anonymous_5)
FN:52,(anonymous_6)
FN:58,(anonymous_7)
FN:61,(anonymous_8)
FN:62,(anonymous_9)
FN:66,(anonymous_10)
FN:75,(anonymous_11)
FN:92,(anonymous_12)
FN:101,(anonymous_13)
FN:102,(anonymous_14)
FNF:15
FNH:0
FNDA:0,AdminPagesPage
FNDA:0,(anonymous_1)
FNDA:0,(anonymous_2)
FNDA:0,(anonymous_3)
FNDA:0,(anonymous_4)
FNDA:0,(anonymous_5)
FNDA:0,(anonymous_6)
FNDA:0,(anonymous_7)
FNDA:0,(anonymous_8)
FNDA:0,(anonymous_9)
FNDA:0,(anonymous_10)
FNDA:0,(anonymous_11)
FNDA:0,(anonymous_12)
FNDA:0,(anonymous_13)
FNDA:0,(anonymous_14)
DA:17,0
DA:18,0
DA:19,0
DA:20,0
DA:22,0
DA:23,0
DA:24,0
DA:26,0
DA:28,0
DA:29,0
DA:31,0
DA:32,0
DA:33,0
DA:34,0
DA:36,0
DA:40,0
DA:42,0
DA:52,0
DA:58,0
DA:61,0
DA:62,0
DA:66,0
DA:75,0
DA:93,0
DA:101,0
DA:102,0
LF:26
LH:0
BRDA:26,0,0,0
BRDA:26,0,1,0
BRDA:26,0,2,0
BRDA:33,1,0,0
BRDA:33,1,1,0
BRDA:40,2,0,0
BRDA:40,2,1,0
BRDA:49,3,0,0
BRDA:49,3,1,0
BRDA:51,4,0,0
BRDA:51,4,1,0
BRDA:72,5,0,0
BRDA:72,5,1,0
BRDA:73,6,0,0
BRDA:73,6,1,0
BRDA:97,7,0,0
BRDA:97,7,1,0
BRDA:102,8,0,0
BRDA:102,8,1,0
BRDA:106,9,0,0
BRDA:106,9,1,0
BRF:21
BRH:0
end_of_record
TN:
SF:src\features\admin\pages\AdminPostsPage.tsx
FN:18,AdminPostsPage
FN:32,(anonymous_1)
FN:33,(anonymous_2)
FN:35,(anonymous_3)
FN:38,(anonymous_4)
FN:40,(anonymous_5)
FN:56,(anonymous_6)
FN:57,(anonymous_7)
FN:63,(anonymous_8)
FN:71,(anonymous_9)
FN:77,(anonymous_10)
FN:86,(anonymous_11)
FN:103,(anonymous_12)
FN:112,(anonymous_13)
FN:113,(anonymous_14)
FN:126,(anonymous_15)
FN:128,(anonymous_16)
FNF:17
FNH:0
FNDA:0,AdminPostsPage
FNDA:0,(anonymous_1)
FNDA:0,(anonymous_2)
FNDA:0,(anonymous_3)
FNDA:0,(anonymous_4)
FNDA:0,(anonymous_5)
FNDA:0,(anonymous_6)
FNDA:0,(anonymous_7)
FNDA:0,(anonymous_8)
FNDA:0,(anonymous_9)
FNDA:0,(anonymous_10)
FNDA:0,(anonymous_11)
FNDA:0,(anonymous_12)
FNDA:0,(anonymous_13)
FNDA:0,(anonymous_14)
FNDA:0,(anonymous_15)
FNDA:0,(anonymous_16)
DA:19,0
DA:20,0
DA:21,0
DA:22,0
DA:23,0
DA:25,0
DA:26,0
DA:27,0
DA:29,0
DA:30,0
DA:32,0
DA:33,0
DA:35,0
DA:36,0
DA:37,0
DA:38,0
DA:40,0
DA:44,0
DA:46,0
DA:56,0
DA:57,0
DA:63,0
DA:71,0
DA:77,0
DA:86,0
DA:104,0
DA:112,0
DA:113,0
DA:126,0
DA:128,0
LF:30
LH:0
BRDA:29,0,0,0
BRDA:29,0,1,0
BRDA:29,0,2,0
BRDA:30,1,0,0
BRDA:30,1,1,0
BRDA:30,1,2,0
BRDA:33,2,0,0
BRDA:33,2,1,0
BRDA:37,3,0,0
BRDA:37,3,1,0
BRDA:44,4,0,0
BRDA:44,4,1,0
BRDA:53,5,0,0
BRDA:53,5,1,0
BRDA:55,6,0,0
BRDA:55,6,1,0
BRDA:83,7,0,0
BRDA:83,7,1,0
BRDA:84,8,0,0
BRDA:84,8,1,0
BRDA:106,9,0,0
BRDA:106,9,1,0
BRDA:108,10,0,0
BRDA:108,10,1,0
BRDA:113,11,0,0
BRDA:113,11,1,0
BRDA:117,12,0,0
BRDA:117,12,1,0
BRDA:124,13,0,0
BRDA:124,13,1,0
BRDA:124,13,2,0
BRF:31
BRH:0
end_of_record
TN:
SF:src\features\admin\pages\AdminProductsPage.tsx
FN:20,AdminProductsPage
FN:45,(anonymous_1)
FN:62,(anonymous_2)
FN:63,(anonymous_3)
FN:93,(anonymous_4)
FN:106,(anonymous_5)
FN:108,(anonymous_6)
FNF:7
FNH:0
FNDA:0,AdminProductsPage
FNDA:0,(anonymous_1)
FNDA:0,(anonymous_2)
FNDA:0,(anonymous_3)
FNDA:0,(anonymous_4)
FNDA:0,(anonymous_5)
FNDA:0,(anonymous_6)
DA:21,0
DA:22,0
DA:23,0
DA:24,0
DA:26,0
DA:27,0
DA:29,0
DA:31,0
DA:45,0
DA:63,0
DA:64,0
DA:93,0
DA:106,0
DA:108,0
LF:14
LH:0
BRDA:23,0,0,0
BRDA:23,0,1,0
BRDA:26,1,0,0
BRDA:26,1,1,0
BRDA:26,1,2,0
BRDA:27,2,0,0
BRDA:27,2,1,0
BRDA:27,2,2,0
BRDA:29,3,0,0
BRDA:29,3,1,0
BRDA:63,4,0,0
BRDA:63,4,1,0
BRDA:69,5,0,0
BRDA:69,5,1,0
BRDA:78,6,0,0
BRDA:78,6,1,0
BRDA:81,7,0,0
BRDA:81,7,1,0
BRDA:81,8,0,0
BRDA:81,8,1,0
BRDA:86,9,0,0
BRDA:86,9,1,0
BRDA:93,10,0,0
BRDA:93,10,1,0
BRDA:104,11,0,0
BRDA:104,11,1,0
BRDA:104,11,2,0
BRF:27
BRH:0
end_of_record
TN:
SF:src\features\admin\pages\AdminReviewsPage.tsx
FN:18,(anonymous_0)
FN:20,AdminReviewsPage
FN:37,(anonymous_2)
FN:40,(anonymous_3)
FN:49,(anonymous_4)
FN:65,(anonymous_5)
FN:68,(anonymous_6)
FN:70,(anonymous_7)
FN:81,(anonymous_8)
FN:83,(anonymous_9)
FNF:10
FNH:0
FNDA:0,(anonymous_0)
FNDA:0,AdminReviewsPage
FNDA:0,(anonymous_2)
FNDA:0,(anonymous_3)
FNDA:0,(anonymous_4)
FNDA:0,(anonymous_5)
FNDA:0,(anonymous_6)
FNDA:0,(anonymous_7)
FNDA:0,(anonymous_8)
FNDA:0,(anonymous_9)
DA:18,0
DA:21,0
DA:22,0
DA:23,0
DA:24,0
DA:25,0
DA:27,0
DA:28,0
DA:30,0
DA:32,0
DA:38,0
DA:40,0
DA:50,0
DA:65,0
DA:68,0
DA:70,0
DA:81,0
DA:83,0
LF:18
LH:0
BRDA:23,0,0,0
BRDA:23,0,1,0
BRDA:27,1,0,0
BRDA:27,1,1,0
BRDA:27,1,2,0
BRDA:28,2,0,0
BRDA:28,2,1,0
BRDA:28,2,2,0
BRDA:30,3,0,0
BRDA:30,3,1,0
BRDA:41,4,0,0
BRDA:41,4,1,0
BRDA:43,5,0,0
BRDA:43,5,1,0
BRDA:58,6,0,0
BRDA:58,6,1,0
BRDA:58,7,0,0
BRDA:58,7,1,0
BRDA:61,8,0,0
BRDA:61,8,1,0
BRDA:64,9,0,0
BRDA:64,9,1,0
BRDA:67,10,0,0
BRDA:67,10,1,0
BRDA:70,11,0,0
BRDA:70,11,1,0
BRDA:74,12,0,0
BRDA:74,12,1,0
BRDA:79,13,0,0
BRDA:79,13,1,0
BRDA:79,13,2,0
BRF:31
BRH:0
end_of_record
TN:
SF:src\features\admin\pages\AdminSettingsPage.tsx
FN:16,AdminSettingsPage
FN:24,(anonymous_1)
FN:30,(anonymous_2)
FN:43,(anonymous_3)
FN:46,(anonymous_4)
FN:60,(anonymous_5)
FN:63,(anonymous_6)
FN:65,(anonymous_7)
FN:65,(anonymous_8)
FNF:9
FNH:0
FNDA:0,AdminSettingsPage
FNDA:0,(anonymous_1)
FNDA:0,(anonymous_2)
FNDA:0,(anonymous_3)
FNDA:0,(anonymous_4)
FNDA:0,(anonymous_5)
FNDA:0,(anonymous_6)
FNDA:0,(anonymous_7)
FNDA:0,(anonymous_8)
DA:7,0
DA:17,0
DA:18,0
DA:19,0
DA:21,0
DA:22,0
DA:24,0
DA:25,0
DA:26,0
DA:30,0
DA:31,0
DA:34,0
DA:36,0
DA:44,0
DA:46,0
DA:61,0
DA:63,0
DA:65,0
LF:18
LH:0
BRDA:21,0,0,0
BRDA:21,0,1,0
BRDA:21,0,2,0
BRDA:25,1,0,0
BRDA:25,1,1,0
BRDA:25,2,0,0
BRDA:25,2,1,0
BRDA:34,3,0,0
BRDA:34,3,1,0
BRDA:48,4,0,0
BRDA:48,4,1,0
BRDA:68,5,0,0
BRDA:68,5,1,0
BRDA:72,6,0,0
BRDA:72,6,1,0
BRDA:77,7,0,0
BRDA:77,7,1,0
BRF:17
BRH:0
end_of_record
TN:
SF:src\features\admin\store\adminSlice.ts
FN:24,(anonymous_0)
FN:27,(anonymous_1)
FN:30,(anonymous_2)
FN:33,(anonymous_3)
FNF:4
FNH:4
FNDA:5,(anonymous_0)
FNDA:1,(anonymous_1)
FNDA:2,(anonymous_2)
FNDA:3,(anonymous_3)
DA:13,17
DA:20,17
DA:25,5
DA:28,1
DA:31,2
DA:34,3
DA:39,17
LF:7
LH:7
BRF:0
BRH:0
end_of_record
TN:
SF:src\features\auth\api.ts
FN:5,useMeQuery
FN:9,(anonymous_1)
FN:16,useLoginMutation
FN:18,(anonymous_3)
FN:25,useRegisterMutation
FN:27,(anonymous_5)
FN:34,useLogoutMutation
FN:36,(anonymous_7)
FN:43,useForgotPasswordMutation
FN:45,(anonymous_9)
FN:52,useResetPasswordMutation
FN:54,(anonymous_11)
FN:61,useUpdateProfileMutation
FN:64,(anonymous_13)
FN:68,(anonymous_14)
FN:72,useChangePasswordMutation
FN:74,(anonymous_16)
FN:81,useUploadAvatarMutation
FN:84,(anonymous_18)
FN:92,(anonymous_19)
FNF:20
FNH:0
FNDA:0,useMeQuery
FNDA:0,(anonymous_1)
FNDA:0,useLoginMutation
FNDA:0,(anonymous_3)
FNDA:0,useRegisterMutation
FNDA:0,(anonymous_5)
FNDA:0,useLogoutMutation
FNDA:0,(anonymous_7)
FNDA:0,useForgotPasswordMutation
FNDA:0,(anonymous_9)
FNDA:0,useResetPasswordMutation
FNDA:0,(anonymous_11)
FNDA:0,useUpdateProfileMutation
FNDA:0,(anonymous_13)
FNDA:0,(anonymous_14)
FNDA:0,useChangePasswordMutation
FNDA:0,(anonymous_16)
FNDA:0,useUploadAvatarMutation
FNDA:0,(anonymous_18)
FNDA:0,(anonymous_19)
DA:6,0
DA:10,0
DA:11,0
DA:17,0
DA:19,0
DA:20,0
DA:26,0
DA:28,0
DA:29,0
DA:35,0
DA:37,0
DA:38,0
DA:44,0
DA:46,0
DA:47,0
DA:53,0
DA:55,0
DA:56,0
DA:62,0
DA:63,0
DA:65,0
DA:66,0
DA:68,0
DA:73,0
DA:75,0
DA:76,0
DA:82,0
DA:83,0
DA:85,0
DA:86,0
DA:87,0
DA:90,0
DA:92,0
LF:33
LH:0
BRDA:5,0,0,0
BRF:1
BRH:0
end_of_record
TN:
SF:src\features\auth\pages\ForgotPasswordPage.tsx
FN:7,ForgotPasswordPage
FN:13,(anonymous_1)
FN:44,(anonymous_2)
FNF:3
FNH:1
FNDA:5,ForgotPasswordPage
FNDA:0,(anonymous_1)
FNDA:0,(anonymous_2)
DA:8,5
DA:9,5
DA:10,5
DA:11,5
DA:13,5
DA:14,0
DA:15,0
DA:16,0
DA:17,0
DA:18,0
DA:20,0
DA:24,5
DA:44,0
LF:13
LH:6
BRDA:32,0,0,0
BRDA:32,0,1,5
BRDA:42,1,0,5
BRDA:42,1,1,0
BRF:4
BRH:2
end_of_record
TN:
SF:src\features\auth\pages\LoginPage.tsx
FN:12,LoginPage
FN:24,(anonymous_1)
FNF:2
FNH:1
FNDA:16,LoginPage
FNDA:0,(anonymous_1)
DA:13,16
DA:14,16
DA:15,16
DA:16,16
DA:17,16
DA:18,16
DA:20,16
DA:24,16
DA:25,0
DA:26,0
DA:27,0
DA:28,0
DA:29,0
DA:33,0
DA:35,0
DA:36,0
DA:40,16
LF:17
LH:9
BRDA:18,0,0,16
BRDA:18,0,1,16
BRDA:28,1,0,0
BRDA:28,1,1,0
BRDA:35,2,0,0
BRDA:35,2,1,0
BRDA:48,3,0,16
BRDA:48,3,1,0
BRF:8
BRH:3
end_of_record
TN:
SF:src\features\auth\pages\ProfilePage.tsx
FN:8,ProfilePage
FN:17,(anonymous_1)
FN:23,(anonymous_2)
FN:34,(anonymous_3)
FN:77,(anonymous_4)
FN:78,(anonymous_5)
FN:79,(anonymous_6)
FNF:7
FNH:0
FNDA:0,ProfilePage
FNDA:0,(anonymous_1)
FNDA:0,(anonymous_2)
FNDA:0,(anonymous_3)
FNDA:0,(anonymous_4)
FNDA:0,(anonymous_5)
FNDA:0,(anonymous_6)
DA:9,0
DA:10,0
DA:11,0
DA:12,0
DA:14,0
DA:15,0
DA:17,0
DA:18,0
DA:21,0
DA:23,0
DA:24,0
DA:25,0
DA:26,0
DA:27,0
DA:28,0
DA:30,0
DA:34,0
DA:35,0
DA:36,0
DA:37,0
DA:38,0
DA:39,0
DA:41,0
DA:45,0
DA:77,0
DA:78,0
DA:79,0
LF:27
LH:0
BRDA:18,0,0,0
BRDA:18,0,1,0
BRDA:18,1,0,0
BRDA:18,1,1,0
BRDA:18,2,0,0
BRDA:18,2,1,0
BRDA:18,3,0,0
BRDA:18,3,1,0
BRDA:21,4,0,0
BRDA:21,4,1,0
BRDA:36,5,0,0
BRDA:36,5,1,0
BRDA:57,6,0,0
BRDA:57,6,1,0
BRDA:71,7,0,0
BRDA:71,7,1,0
BRDA:72,8,0,0
BRDA:72,8,1,0
BRF:18
BRH:0
end_of_record
TN:
SF:src\features\auth\pages\RegisterPage.tsx
FN:10,RegisterPage
FN:20,(anonymous_1)
FN:30,(anonymous_2)
FNF:3
FNH:1
FNDA:16,RegisterPage
FNDA:0,(anonymous_1)
FNDA:0,(anonymous_2)
DA:11,16
DA:12,16
DA:13,16
DA:14,16
DA:16,16
DA:20,16
DA:21,0
DA:22,0
DA:23,0
DA:29,0
DA:30,0
DA:32,0
DA:33,0
DA:37,16
LF:14
LH:7
BRDA:32,0,0,0
BRDA:32,0,1,0
BRDA:45,1,0,16
BRDA:45,1,1,0
BRDA:50,2,0,16
BRDA:50,2,1,0
BRF:6
BRH:2
end_of_record
TN:
SF:src\features\auth\pages\ResetPasswordPage.tsx
FN:7,ResetPasswordPage
FN:18,(anonymous_1)
FN:28,(anonymous_2)
FN:50,(anonymous_3)
FN:51,(anonymous_4)
FN:52,(anonymous_5)
FNF:6
FNH:0
FNDA:0,ResetPasswordPage
FNDA:0,(anonymous_1)
FNDA:0,(anonymous_2)
FNDA:0,(anonymous_3)
FNDA:0,(anonymous_4)
FNDA:0,(anonymous_5)
DA:8,0
DA:9,0
DA:10,0
DA:11,0
DA:12,0
DA:14,0
DA:15,0
DA:16,0
DA:18,0
DA:19,0
DA:20,0
DA:21,0
DA:22,0
DA:24,0
DA:25,0
DA:26,0
DA:27,0
DA:28,0
DA:30,0
DA:34,0
DA:50,0
DA:51,0
DA:52,0
LF:23
LH:0
BRDA:11,0,0,0
BRDA:11,0,1,0
BRDA:12,1,0,0
BRDA:12,1,1,0
BRDA:20,2,0,0
BRDA:20,2,1,0
BRDA:42,3,0,0
BRDA:42,3,1,0
BRDA:48,4,0,0
BRDA:48,4,1,0
BRF:10
BRH:0
end_of_record
TN:
SF:src\features\auth\pages\SecurityPage.tsx
FN:7,SecurityPage
FN:13,(anonymous_1)
FN:47,(anonymous_2)
FN:54,(anonymous_3)
FN:62,(anonymous_4)
FNF:5
FNH:0
FNDA:0,SecurityPage
FNDA:0,(anonymous_1)
FNDA:0,(anonymous_2)
FNDA:0,(anonymous_3)
FNDA:0,(anonymous_4)
DA:8,0
DA:9,0
DA:10,0
DA:11,0
DA:13,0
DA:14,0
DA:15,0
DA:16,0
DA:17,0
DA:18,0
DA:19,0
DA:21,0
DA:22,0
DA:23,0
DA:24,0
DA:26,0
DA:27,0
DA:31,0
DA:47,0
DA:54,0
DA:62,0
LF:21
LH:0
BRDA:17,0,0,0
BRDA:17,0,1,0
BRDA:26,1,0,0
BRDA:26,1,1,0
BRDA:40,2,0,0
BRDA:40,2,1,0
BRDA:41,3,0,0
BRDA:41,3,1,0
BRF:8
BRH:0
end_of_record
TN:
SF:src\features\auth\schemas\loginSchema.ts
FNF:0
FNH:0
DA:3,2
LF:1
LH:1
BRF:0
BRH:0
end_of_record
TN:
SF:src\features\auth\schemas\registerSchema.ts
FN:10,(anonymous_0)
FNF:1
FNH:1
FNDA:8,(anonymous_0)
DA:3,2
DA:10,8
LF:2
LH:2
BRF:0
BRH:0
end_of_record
TN:
SF:src\features\auth\store\authSlice.ts
FN:28,(anonymous_0)
FN:33,(anonymous_1)
FN:37,(anonymous_2)
FNF:3
FNH:3
FNDA:5,(anonymous_0)
FNDA:1,(anonymous_1)
FNDA:2,(anonymous_2)
DA:18,18
DA:24,18
DA:29,5
DA:30,5
DA:31,5
DA:34,1
DA:35,1
DA:37,2
DA:41,18
LF:9
LH:9
BRF:0
BRH:0
end_of_record
TN:
SF:src\features\cart\api.ts
FN:5,useCartQuery
FN:8,(anonymous_1)
FN:15,useAddCartItemMutation
FN:18,(anonymous_3)
FN:22,(anonymous_4)
FN:26,useUpdateCartItemMutation
FN:29,(anonymous_6)
FN:33,(anonymous_7)
FN:37,useRemoveCartItemMutation
FN:40,(anonymous_9)
FN:44,(anonymous_10)
FN:48,useClearCartMutation
FN:51,(anonymous_12)
FN:55,(anonymous_13)
FN:59,useApplyCouponMutation
FN:62,(anonymous_15)
FN:66,(anonymous_16)
FN:70,useRemoveCouponMutation
FN:73,(anonymous_18)
FN:77,(anonymous_19)
FN:81,useShippingRatesQuery
FN:85,(anonymous_21)
FNF:22
FNH:0
FNDA:0,useCartQuery
FNDA:0,(anonymous_1)
FNDA:0,useAddCartItemMutation
FNDA:0,(anonymous_3)
FNDA:0,(anonymous_4)
FNDA:0,useUpdateCartItemMutation
FNDA:0,(anonymous_6)
FNDA:0,(anonymous_7)
FNDA:0,useRemoveCartItemMutation
FNDA:0,(anonymous_9)
FNDA:0,(anonymous_10)
FNDA:0,useClearCartMutation
FNDA:0,(anonymous_12)
FNDA:0,(anonymous_13)
FNDA:0,useApplyCouponMutation
FNDA:0,(anonymous_15)
FNDA:0,(anonymous_16)
FNDA:0,useRemoveCouponMutation
FNDA:0,(anonymous_18)
FNDA:0,(anonymous_19)
FNDA:0,useShippingRatesQuery
FNDA:0,(anonymous_21)
DA:6,0
DA:9,0
DA:10,0
DA:16,0
DA:17,0
DA:19,0
DA:20,0
DA:22,0
DA:27,0
DA:28,0
DA:30,0
DA:31,0
DA:33,0
DA:38,0
DA:39,0
DA:41,0
DA:42,0
DA:44,0
DA:49,0
DA:50,0
DA:52,0
DA:53,0
DA:55,0
DA:60,0
DA:61,0
DA:63,0
DA:64,0
DA:66,0
DA:71,0
DA:72,0
DA:74,0
DA:75,0
DA:77,0
DA:82,0
DA:86,0
DA:87,0
LF:36
LH:0
BRF:0
BRH:0
end_of_record
TN:
SF:src\features\cart\pages\CartPage.tsx
FN:18,CartPage
FN:32,(anonymous_1)
FN:35,(anonymous_2)
FN:55,(anonymous_3)
FN:85,(anonymous_4)
FN:93,(anonymous_5)
FN:116,(anonymous_6)
FN:124,(anonymous_7)
FN:130,(anonymous_8)
FN:148,(anonymous_9)
FN:157,(anonymous_10)
FNF:11
FNH:4
FNDA:5,CartPage
FNDA:5,(anonymous_1)
FNDA:2,(anonymous_2)
FNDA:0,(anonymous_3)
FNDA:0,(anonymous_4)
FNDA:2,(anonymous_5)
FNDA:0,(anonymous_6)
FNDA:0,(anonymous_7)
FNDA:0,(anonymous_8)
FNDA:0,(anonymous_9)
FNDA:0,(anonymous_10)
DA:19,5
DA:20,5
DA:21,5
DA:22,5
DA:23,5
DA:24,5
DA:25,5
DA:26,5
DA:27,5
DA:29,5
DA:30,5
DA:32,5
DA:33,5
DA:34,5
DA:35,2
DA:55,5
DA:56,0
DA:57,0
DA:58,0
DA:59,0
DA:61,0
DA:62,0
DA:66,5
DA:68,5
DA:69,3
DA:81,2
DA:85,0
DA:94,2
DA:117,0
DA:118,0
DA:124,0
DA:130,0
DA:148,0
DA:157,0
LF:34
LH:21
BRDA:30,0,0,5
BRDA:30,0,1,0
BRDA:33,1,0,5
BRDA:33,1,1,0
BRDA:41,2,0,2
BRDA:41,2,1,1
BRDA:44,3,0,5
BRDA:44,3,1,5
BRDA:45,4,0,5
BRDA:45,4,1,0
BRDA:46,5,0,5
BRDA:46,5,1,4
BRDA:47,6,0,5
BRDA:47,6,1,5
BRDA:48,7,0,5
BRDA:48,7,1,5
BRDA:49,8,0,5
BRDA:49,8,1,0
BRDA:49,8,2,0
BRDA:61,9,0,0
BRDA:61,9,1,0
BRDA:66,10,0,0
BRDA:66,10,1,5
BRDA:68,11,0,3
BRDA:68,11,1,2
BRDA:96,12,0,1
BRDA:96,12,1,1
BRDA:107,13,0,2
BRDA:107,13,1,1
BRDA:117,14,0,0
BRDA:117,14,1,0
BRDA:145,15,0,0
BRDA:145,15,1,2
BRDA:161,16,0,2
BRDA:161,16,1,0
BRDA:172,17,0,5
BRDA:172,17,1,0
BRDA:173,18,0,5
BRDA:173,18,1,0
BRDA:174,19,0,5
BRDA:174,19,1,1
BRDA:180,20,0,5
BRDA:180,20,1,0
BRDA:183,21,0,0
BRDA:183,21,1,0
BRDA:189,22,0,5
BRDA:189,22,1,0
BRDA:189,22,2,0
BRF:48
BRH:29
end_of_record
TN:
SF:src\features\cart\schemas\couponSchema.ts
FNF:0
FNH:0
DA:3,1
LF:1
LH:1
BRF:0
BRH:0
end_of_record
TN:
SF:src\features\cart\store\cartSlice.ts
FN:41,(anonymous_0)
FN:42,(anonymous_1)
FN:50,(anonymous_2)
FNF:3
FNH:3
FNDA:10,(anonymous_0)
FNDA:5,(anonymous_1)
FNDA:2,(anonymous_2)
DA:25,18
DA:37,18
DA:41,10
DA:43,5
DA:44,5
DA:45,3
DA:47,2
DA:50,2
DA:54,18
LF:9
LH:9
BRDA:44,0,0,3
BRDA:44,0,1,2
BRF:2
BRH:2
end_of_record
TN:
SF:src\features\catalog\api.ts
FN:5,useProductsQuery
FN:8,(anonymous_1)
FN:24,useProductQuery
FN:28,(anonymous_3)
FN:35,useCategoriesQuery
FN:38,(anonymous_5)
FN:45,useFeaturedProductsQuery
FN:48,(anonymous_7)
FN:55,useReviewsQuery
FN:59,(anonymous_9)
FN:66,useSubmitReviewMutation
FN:69,(anonymous_11)
FN:73,(anonymous_12)
FNF:13
FNH:0
FNDA:0,useProductsQuery
FNDA:0,(anonymous_1)
FNDA:0,useProductQuery
FNDA:0,(anonymous_3)
FNDA:0,useCategoriesQuery
FNDA:0,(anonymous_5)
FNDA:0,useFeaturedProductsQuery
FNDA:0,(anonymous_7)
FNDA:0,useReviewsQuery
FNDA:0,(anonymous_9)
FNDA:0,useSubmitReviewMutation
FNDA:0,(anonymous_11)
FNDA:0,(anonymous_12)
DA:6,0
DA:10,0
DA:11,0
DA:12,0
DA:13,0
DA:14,0
DA:15,0
DA:16,0
DA:17,0
DA:18,0
DA:19,0
DA:25,0
DA:29,0
DA:30,0
DA:36,0
DA:39,0
DA:40,0
DA:46,0
DA:49,0
DA:50,0
DA:56,0
DA:60,0
DA:61,0
DA:67,0
DA:68,0
DA:70,0
DA:71,0
DA:73,0
LF:28
LH:0
BRDA:11,0,0,0
BRDA:11,0,1,0
BRDA:12,1,0,0
BRDA:12,1,1,0
BRDA:13,2,0,0
BRDA:13,2,1,0
BRDA:14,3,0,0
BRDA:14,3,1,0
BRDA:15,4,0,0
BRDA:15,4,1,0
BRDA:16,5,0,0
BRDA:16,5,1,0
BRDA:17,6,0,0
BRDA:17,6,1,0
BRDA:17,7,0,0
BRDA:17,7,1,0
BRF:16
BRH:0
end_of_record
TN:
SF:src\features\catalog\data\productCatalogData.ts
FN:695,getProductDetailBySlug
FN:696,(anonymous_1)
FNF:2
FNH:2
FNDA:6,getProductDetailBySlug
FNDA:6,(anonymous_1)
DA:23,2
DA:653,2
DA:660,2
DA:696,6
LF:4
LH:4
BRF:0
BRH:0
end_of_record
TN:
SF:src\features\catalog\pages\CatalogPage.tsx
FN:42,CatalogPage
FN:55,(anonymous_1)
FN:61,(anonymous_2)
FN:65,(anonymous_3)
FN:66,(anonymous_4)
FN:68,(anonymous_5)
FN:76,(anonymous_6)
FN:79,(anonymous_7)
FN:82,(anonymous_8)
FN:91,(anonymous_9)
FN:96,(anonymous_10)
FN:97,(anonymous_11)
FN:99,(anonymous_12)
FN:101,(anonymous_13)
FN:102,(anonymous_14)
FN:106,(anonymous_15)
FN:114,(anonymous_16)
FN:123,(anonymous_17)
FN:164,(anonymous_18)
FN:186,(anonymous_19)
FN:190,(anonymous_20)
FN:202,(anonymous_21)
FN:229,(anonymous_22)
FN:236,(anonymous_23)
FN:238,(anonymous_24)
FN:259,(anonymous_25)
FN:279,(anonymous_26)
FN:300,(anonymous_27)
FN:334,(anonymous_28)
FN:352,(anonymous_29)
FN:359,(anonymous_30)
FNF:31
FNH:17
FNDA:6,CatalogPage
FNDA:6,(anonymous_1)
FNDA:6,(anonymous_2)
FNDA:0,(anonymous_3)
FNDA:0,(anonymous_4)
FNDA:0,(anonymous_5)
FNDA:0,(anonymous_6)
FNDA:0,(anonymous_7)
FNDA:0,(anonymous_8)
FNDA:0,(anonymous_9)
FNDA:162,(anonymous_10)
FNDA:2268,(anonymous_11)
FNDA:6,(anonymous_12)
FNDA:162,(anonymous_13)
FNDA:2268,(anonymous_14)
FNDA:0,(anonymous_15)
FNDA:6,(anonymous_16)
FNDA:162,(anonymous_17)
FNDA:24,(anonymous_18)
FNDA:24,(anonymous_19)
FNDA:0,(anonymous_20)
FNDA:0,(anonymous_21)
FNDA:0,(anonymous_22)
FNDA:162,(anonymous_23)
FNDA:162,(anonymous_24)
FNDA:0,(anonymous_25)
FNDA:486,(anonymous_26)
FNDA:0,(anonymous_27)
FNDA:24,(anonymous_28)
FNDA:24,(anonymous_29)
FNDA:0,(anonymous_30)
DA:32,1
DA:33,1
DA:35,1
DA:43,6
DA:44,6
DA:45,6
DA:48,6
DA:49,6
DA:50,6
DA:52,6
DA:55,6
DA:56,6
DA:57,6
DA:61,6
DA:62,6
DA:64,6
DA:65,0
DA:66,0
DA:67,0
DA:68,0
DA:73,6
DA:74,6
DA:76,0
DA:77,0
DA:79,0
DA:80,0
DA:82,0
DA:83,0
DA:85,6
DA:88,6
DA:91,6
DA:92,0
DA:93,0
DA:96,6
DA:97,2268
DA:99,6
DA:100,6
DA:101,6
DA:102,2268
DA:103,162
DA:104,162
DA:105,0
DA:106,0
DA:107,0
DA:111,6
DA:114,6
DA:123,162
DA:141,6
DA:165,24
DA:187,24
DA:190,0
DA:202,0
DA:229,0
DA:237,162
DA:238,162
DA:239,162
DA:240,162
DA:241,0
DA:243,162
DA:244,162
DA:245,162
DA:246,162
DA:247,162
DA:248,162
DA:249,162
DA:251,162
DA:260,0
DA:261,0
DA:262,0
DA:280,486
DA:301,0
DA:302,0
DA:335,24
DA:353,24
DA:359,0
LF:75
LH:50
BRDA:52,0,0,6
BRDA:52,0,1,6
BRDA:52,0,2,6
BRDA:56,1,0,0
BRDA:56,1,1,6
BRDA:64,2,0,0
BRDA:64,2,1,6
BRDA:67,3,0,0
BRDA:67,3,1,0
BRDA:74,4,0,0
BRDA:74,4,1,0
BRDA:74,4,2,0
BRDA:74,4,3,6
BRDA:82,5,0,0
BRDA:82,5,1,0
BRDA:82,6,0,0
BRDA:82,6,1,0
BRDA:103,7,0,162
BRDA:103,7,1,0
BRDA:104,8,0,162
BRDA:104,8,1,18
BRDA:105,9,0,0
BRDA:105,9,1,0
BRDA:107,10,0,0
BRDA:107,10,1,0
BRDA:166,11,0,24
BRDA:166,11,1,0
BRDA:189,12,0,6
BRDA:189,12,1,18
BRDA:192,13,0,6
BRDA:192,13,1,18
BRDA:193,14,0,24
BRDA:193,14,1,0
BRDA:214,15,0,6
BRDA:214,15,1,0
BRDA:214,15,2,0
BRDA:223,16,0,0
BRDA:223,16,1,6
BRDA:238,17,0,162
BRDA:238,17,1,0
BRDA:240,18,0,0
BRDA:240,18,1,162
BRDA:241,19,0,0
BRDA:241,19,1,0
BRDA:243,20,0,162
BRDA:243,20,1,0
BRDA:244,21,0,162
BRDA:244,21,1,0
BRDA:244,21,2,0
BRDA:245,22,0,162
BRDA:245,22,1,0
BRDA:245,22,2,0
BRDA:246,23,0,162
BRDA:246,23,1,0
BRDA:247,24,0,162
BRDA:247,24,1,0
BRDA:248,25,0,162
BRDA:248,25,1,0
BRDA:248,25,2,0
BRDA:249,26,0,162
BRDA:249,26,1,0
BRDA:256,27,0,162
BRDA:256,27,1,0
BRDA:265,28,0,162
BRDA:265,28,1,162
BRDA:269,29,0,162
BRDA:269,29,1,162
BRDA:272,30,0,162
BRDA:272,30,1,0
BRDA:274,31,0,162
BRDA:274,31,1,162
BRDA:276,32,0,162
BRDA:276,32,1,162
BRDA:277,33,0,162
BRDA:277,33,1,162
BRDA:284,34,0,162
BRDA:284,34,1,162
BRDA:290,35,0,162
BRDA:290,35,1,162
BRDA:290,35,2,162
BRDA:297,36,0,162
BRDA:297,36,1,0
BRDA:355,37,0,0
BRDA:355,37,1,24
BRDA:359,38,0,0
BRDA:359,38,1,0
BRDA:364,39,0,0
BRDA:364,39,1,24
BRDA:375,40,0,24
BRDA:375,40,1,0
BRF:90
BRH:47
end_of_record
TN:
SF:src\features\catalog\pages\ProductDetailPage.tsx
FN:42,ProductDetailPage
FN:46,(anonymous_1)
FN:50,(anonymous_2)
FN:68,(anonymous_3)
FN:71,(anonymous_4)
FN:96,(anonymous_5)
FN:104,(anonymous_6)
FN:112,(anonymous_7)
FN:186,(anonymous_8)
FN:197,(anonymous_9)
FN:209,(anonymous_10)
FN:212,(anonymous_11)
FN:281,(anonymous_12)
FN:292,(anonymous_13)
FN:311,(anonymous_14)
FN:325,(anonymous_15)
FN:330,(anonymous_16)
FN:352,(anonymous_17)
FN:357,(anonymous_18)
FN:415,(anonymous_19)
FN:443,(anonymous_20)
FN:455,(anonymous_21)
FN:459,(anonymous_22)
FN:470,(anonymous_23)
FN:479,(anonymous_24)
FN:492,(anonymous_25)
FN:492,(anonymous_26)
FN:520,(anonymous_27)
FN:521,(anonymous_28)
FN:536,(anonymous_29)
FNF:30
FNH:12
FNDA:6,ProductDetailPage
FNDA:12,(anonymous_1)
FNDA:6,(anonymous_2)
FNDA:6,(anonymous_3)
FNDA:162,(anonymous_4)
FNDA:6,(anonymous_5)
FNDA:0,(anonymous_6)
FNDA:0,(anonymous_7)
FNDA:0,(anonymous_8)
FNDA:0,(anonymous_9)
FNDA:0,(anonymous_10)
FNDA:0,(anonymous_11)
FNDA:24,(anonymous_12)
FNDA:12,(anonymous_13)
FNDA:24,(anonymous_14)
FNDA:0,(anonymous_15)
FNDA:0,(anonymous_16)
FNDA:0,(anonymous_17)
FNDA:0,(anonymous_18)
FNDA:24,(anonymous_19)
FNDA:0,(anonymous_20)
FNDA:0,(anonymous_21)
FNDA:0,(anonymous_22)
FNDA:0,(anonymous_23)
FNDA:0,(anonymous_24)
FNDA:0,(anonymous_25)
FNDA:0,(anonymous_26)
FNDA:24,(anonymous_27)
FNDA:84,(anonymous_28)
FNDA:0,(anonymous_29)
DA:40,1
DA:43,6
DA:44,6
DA:45,6
DA:46,12
DA:49,6
DA:50,6
DA:51,6
DA:54,6
DA:56,6
DA:57,6
DA:58,6
DA:61,6
DA:62,6
DA:63,6
DA:64,6
DA:65,6
DA:68,6
DA:69,6
DA:70,6
DA:71,162
DA:75,6
DA:76,6
DA:77,0
DA:86,6
DA:88,6
DA:89,6
DA:90,6
DA:92,6
DA:93,6
DA:94,0
DA:96,6
DA:97,6
DA:98,6
DA:100,6
DA:101,6
DA:102,6
DA:104,6
DA:105,0
DA:112,6
DA:113,0
DA:114,0
DA:115,0
DA:116,0
DA:117,0
DA:122,6
DA:146,6
DA:187,0
DA:188,0
DA:189,0
DA:198,0
DA:199,0
DA:200,0
DA:210,0
DA:212,0
DA:282,24
DA:293,12
DA:312,24
DA:326,0
DA:327,0
DA:330,0
DA:352,0
DA:357,0
DA:416,24
DA:443,0
DA:456,0
DA:459,0
DA:470,0
DA:479,0
DA:492,0
DA:493,0
DA:521,84
DA:522,24
DA:524,24
DA:537,0
DA:538,0
DA:539,0
LF:77
LH:46
BRDA:44,0,0,6
BRDA:44,0,1,0
BRDA:49,1,0,6
BRDA:49,1,1,6
BRDA:50,2,0,6
BRDA:50,2,1,0
BRDA:51,3,0,6
BRDA:51,3,1,6
BRDA:54,4,0,6
BRDA:54,4,1,0
BRDA:61,5,0,6
BRDA:61,5,1,0
BRDA:62,6,0,0
BRDA:62,6,1,6
BRDA:63,7,0,6
BRDA:63,7,1,0
BRDA:69,8,0,0
BRDA:69,8,1,6
BRDA:71,9,0,162
BRDA:71,9,1,60
BRDA:75,10,0,0
BRDA:75,10,1,6
BRDA:76,11,0,0
BRDA:76,11,1,6
BRDA:76,12,0,6
BRDA:76,12,1,0
BRDA:86,13,0,0
BRDA:86,13,1,6
BRDA:88,14,0,6
BRDA:88,14,1,0
BRDA:89,15,0,6
BRDA:89,15,1,6
BRDA:90,16,0,6
BRDA:90,16,1,0
BRDA:93,17,0,0
BRDA:93,17,1,6
BRDA:93,18,0,6
BRDA:93,18,1,0
BRDA:94,19,0,0
BRDA:94,19,1,0
BRDA:96,20,0,6
BRDA:96,20,1,6
BRDA:97,21,0,6
BRDA:97,21,1,6
BRDA:98,22,0,6
BRDA:98,22,1,0
BRDA:100,23,0,6
BRDA:100,23,1,0
BRDA:101,24,0,6
BRDA:101,24,1,0
BRDA:102,25,0,6
BRDA:102,25,1,0
BRDA:102,25,2,0
BRDA:126,26,0,6
BRDA:126,26,1,0
BRDA:126,26,2,0
BRDA:134,27,0,6
BRDA:134,27,1,0
BRDA:137,28,0,6
BRDA:137,28,1,6
BRDA:141,29,0,6
BRDA:141,29,1,0
BRDA:150,30,0,6
BRDA:150,30,1,6
BRDA:153,31,0,6
BRDA:153,31,1,6
BRDA:156,32,0,6
BRDA:156,32,1,6
BRDA:165,33,0,6
BRDA:165,33,1,6
BRDA:181,34,0,0
BRDA:181,34,1,6
BRDA:183,35,0,0
BRDA:183,35,1,0
BRDA:183,35,2,0
BRDA:184,36,0,0
BRDA:184,36,1,0
BRDA:192,37,0,6
BRDA:192,37,1,0
BRDA:207,38,0,6
BRDA:207,38,1,0
BRDA:213,39,0,0
BRDA:213,39,1,0
BRDA:215,40,0,0
BRDA:215,40,1,0
BRDA:215,41,0,0
BRDA:215,41,1,0
BRDA:226,42,0,6
BRDA:226,42,1,6
BRDA:231,43,0,6
BRDA:231,43,1,6
BRDA:241,44,0,6
BRDA:241,44,1,6
BRDA:248,45,0,6
BRDA:248,45,1,6
BRDA:253,46,0,6
BRDA:253,46,1,6
BRDA:253,46,2,6
BRDA:265,47,0,6
BRDA:265,47,1,6
BRDA:265,47,2,6
BRDA:273,48,0,6
BRDA:273,48,1,6
BRDA:279,49,0,6
BRDA:279,49,1,6
BRDA:279,49,2,6
BRDA:290,50,0,6
BRDA:290,50,1,6
BRDA:299,51,0,6
BRDA:299,51,1,6
BRDA:307,52,0,6
BRDA:307,52,1,6
BRDA:307,52,2,6
BRDA:321,53,0,6
BRDA:321,53,1,0
BRDA:326,54,0,0
BRDA:326,54,1,0
BRDA:326,54,2,0
BRDA:326,55,0,0
BRDA:326,55,1,0
BRDA:331,56,0,0
BRDA:331,56,1,0
BRDA:331,57,0,0
BRDA:331,57,1,0
BRDA:334,58,0,0
BRDA:334,58,1,0
BRDA:338,59,0,0
BRDA:338,59,1,0
BRDA:339,60,0,0
BRDA:339,60,1,0
BRDA:361,61,0,6
BRDA:361,61,1,0
BRDA:366,62,0,6
BRDA:366,62,1,6
BRDA:367,63,0,0
BRDA:367,63,1,6
BRDA:368,64,0,0
BRDA:368,64,1,6
BRDA:370,65,0,0
BRDA:370,65,1,6
BRDA:377,66,0,6
BRDA:377,66,1,6
BRDA:385,67,0,6
BRDA:385,67,1,6
BRDA:392,68,0,6
BRDA:392,68,1,6
BRDA:402,69,0,6
BRDA:402,69,1,6
BRDA:431,70,0,6
BRDA:431,70,1,0
BRDA:431,70,2,0
BRDA:442,71,0,6
BRDA:442,71,1,0
BRDA:450,72,0,6
BRDA:450,72,1,0
BRDA:460,73,0,0
BRDA:460,73,1,0
BRDA:489,74,0,6
BRDA:489,74,1,0
BRDA:499,75,0,0
BRDA:499,75,1,0
BRDA:506,76,0,0
BRDA:506,76,1,0
BRDA:514,77,0,6
BRDA:514,77,1,6
BRDA:522,78,0,24
BRDA:522,78,1,0
BRDA:548,79,0,24
BRDA:548,79,1,24
BRF:169
BRH:97
end_of_record
TN:
SF:src\features\catalog\schemas\reviewSchema.ts
FNF:0
FNH:0
DA:3,1
LF:1
LH:1
BRF:0
BRH:0
end_of_record
TN:
SF:src\features\catalog\store\catalogSlice.ts
FN:35,(anonymous_0)
FN:38,(anonymous_1)
FN:41,(anonymous_2)
FNF:3
FNH:3
FNDA:8,(anonymous_0)
FNDA:2,(anonymous_1)
FNDA:5,(anonymous_2)
DA:18,18
DA:31,18
DA:36,8
DA:39,2
DA:42,5
DA:47,18
LF:6
LH:6
BRF:0
BRH:0
end_of_record
TN:
SF:src\features\checkout\api.ts
FN:5,useAddressesQuery
FN:8,(anonymous_1)
FN:15,useCreateAddressMutation
FN:18,(anonymous_3)
FN:33,(anonymous_4)
FN:37,useCheckoutSummaryMutation
FN:39,(anonymous_6)
FN:46,useValidateCheckoutMutation
FN:48,(anonymous_8)
FN:55,useCreatePaymentIntentMutation
FN:57,(anonymous_10)
FN:71,useConfirmPaymentMutation
FN:73,(anonymous_12)
FN:85,useOrderPaymentQuery
FN:89,(anonymous_14)
FNF:15
FNH:0
FNDA:0,useAddressesQuery
FNDA:0,(anonymous_1)
FNDA:0,useCreateAddressMutation
FNDA:0,(anonymous_3)
FNDA:0,(anonymous_4)
FNDA:0,useCheckoutSummaryMutation
FNDA:0,(anonymous_6)
FNDA:0,useValidateCheckoutMutation
FNDA:0,(anonymous_8)
FNDA:0,useCreatePaymentIntentMutation
FNDA:0,(anonymous_10)
FNDA:0,useConfirmPaymentMutation
FNDA:0,(anonymous_12)
FNDA:0,useOrderPaymentQuery
FNDA:0,(anonymous_14)
DA:6,0
DA:9,0
DA:10,0
DA:16,0
DA:17,0
DA:30,0
DA:31,0
DA:33,0
DA:38,0
DA:40,0
DA:41,0
DA:47,0
DA:49,0
DA:50,0
DA:56,0
DA:63,0
DA:66,0
DA:72,0
DA:79,0
DA:80,0
DA:86,0
DA:90,0
DA:91,0
LF:23
LH:0
BRF:0
BRH:0
end_of_record
TN:
SF:src\features\checkout\pages\CheckoutPage.tsx
FN:40,CheckoutPage
FN:43,(anonymous_1)
FN:44,(anonymous_2)
FN:69,(anonymous_3)
FN:71,(anonymous_4)
FN:77,(anonymous_5)
FN:84,(anonymous_6)
FN:89,(anonymous_7)
FN:94,(anonymous_8)
FN:99,(anonymous_9)
FN:108,(anonymous_10)
FN:132,(anonymous_11)
FN:148,(anonymous_12)
FN:153,(anonymous_13)
FN:154,(anonymous_14)
FN:177,(anonymous_15)
FN:188,(anonymous_16)
FN:208,(anonymous_17)
FN:219,(anonymous_18)
FN:234,(anonymous_19)
FN:242,(anonymous_20)
FN:243,(anonymous_21)
FN:245,(anonymous_22)
FN:248,(anonymous_23)
FN:250,(anonymous_24)
FN:251,(anonymous_25)
FN:252,(anonymous_26)
FN:260,(anonymous_27)
FN:275,(anonymous_28)
FN:287,(anonymous_29)
FN:300,(anonymous_30)
FN:301,(anonymous_31)
FN:345,(anonymous_32)
FN:346,(anonymous_33)
FNF:34
FNH:0
FNDA:0,CheckoutPage
FNDA:0,(anonymous_1)
FNDA:0,(anonymous_2)
FNDA:0,(anonymous_3)
FNDA:0,(anonymous_4)
FNDA:0,(anonymous_5)
FNDA:0,(anonymous_6)
FNDA:0,(anonymous_7)
FNDA:0,(anonymous_8)
FNDA:0,(anonymous_9)
FNDA:0,(anonymous_10)
FNDA:0,(anonymous_11)
FNDA:0,(anonymous_12)
FNDA:0,(anonymous_13)
FNDA:0,(anonymous_14)
FNDA:0,(anonymous_15)
FNDA:0,(anonymous_16)
FNDA:0,(anonymous_17)
FNDA:0,(anonymous_18)
FNDA:0,(anonymous_19)
FNDA:0,(anonymous_20)
FNDA:0,(anonymous_21)
FNDA:0,(anonymous_22)
FNDA:0,(anonymous_23)
FNDA:0,(anonymous_24)
FNDA:0,(anonymous_25)
FNDA:0,(anonymous_26)
FNDA:0,(anonymous_27)
FNDA:0,(anonymous_28)
FNDA:0,(anonymous_29)
FNDA:0,(anonymous_30)
FNDA:0,(anonymous_31)
FNDA:0,(anonymous_32)
FNDA:0,(anonymous_33)
DA:41,0
DA:42,0
DA:43,0
DA:44,0
DA:47,0
DA:48,0
DA:49,0
DA:50,0
DA:52,0
DA:53,0
DA:54,0
DA:55,0
DA:58,0
DA:63,0
DA:64,0
DA:69,0
DA:70,0
DA:71,0
DA:72,0
DA:77,0
DA:78,0
DA:79,0
DA:84,0
DA:85,0
DA:86,0
DA:90,0
DA:91,0
DA:99,0
DA:100,0
DA:101,0
DA:102,0
DA:103,0
DA:104,0
DA:108,0
DA:109,0
DA:110,0
DA:111,0
DA:118,0
DA:119,0
DA:125,0
DA:133,0
DA:134,0
DA:140,0
DA:141,0
DA:142,0
DA:144,0
DA:149,0
DA:153,0
DA:154,0
DA:159,0
DA:160,0
DA:161,0
DA:163,0
DA:166,0
DA:167,0
DA:171,0
DA:173,0
DA:174,0
DA:177,0
DA:182,0
DA:189,0
DA:209,0
DA:219,0
DA:234,0
DA:242,0
DA:243,0
DA:245,0
DA:248,0
DA:250,0
DA:251,0
DA:252,0
DA:260,0
DA:276,0
DA:287,0
DA:300,0
DA:301,0
DA:345,0
DA:346,0
LF:78
LH:0
BRDA:48,0,0,0
BRDA:48,0,1,0
BRDA:49,1,0,0
BRDA:49,1,1,0
BRDA:50,2,0,0
BRDA:50,2,1,0
BRDA:70,3,0,0
BRDA:70,3,1,0
BRDA:70,4,0,0
BRDA:70,4,1,0
BRDA:71,5,0,0
BRDA:71,5,1,0
BRDA:78,6,0,0
BRDA:78,6,1,0
BRDA:78,7,0,0
BRDA:78,7,1,0
BRDA:85,8,0,0
BRDA:85,8,1,0
BRDA:85,9,0,0
BRDA:85,9,1,0
BRDA:85,9,2,0
BRDA:128,10,0,0
BRDA:128,10,1,0
BRDA:159,11,0,0
BRDA:159,11,1,0
BRDA:166,12,0,0
BRDA:166,12,1,0
BRDA:171,13,0,0
BRDA:171,13,1,0
BRDA:173,14,0,0
BRDA:173,14,1,0
BRDA:173,15,0,0
BRDA:173,15,1,0
BRDA:190,16,0,0
BRDA:190,16,1,0
BRDA:191,17,0,0
BRDA:191,17,1,0
BRDA:198,18,0,0
BRDA:198,18,1,0
BRDA:203,19,0,0
BRDA:203,19,1,0
BRDA:206,20,0,0
BRDA:206,20,1,0
BRDA:212,21,0,0
BRDA:212,21,1,0
BRDA:223,22,0,0
BRDA:223,22,1,0
BRDA:224,23,0,0
BRDA:224,23,1,0
BRDA:240,24,0,0
BRDA:240,24,1,0
BRDA:268,25,0,0
BRDA:268,25,1,0
BRDA:271,26,0,0
BRDA:271,26,1,0
BRDA:279,27,0,0
BRDA:279,27,1,0
BRDA:294,28,0,0
BRDA:294,28,1,0
BRDA:309,29,0,0
BRDA:309,29,1,0
BRDA:312,30,0,0
BRDA:312,30,1,0
BRDA:318,31,0,0
BRDA:318,31,1,0
BRDA:326,32,0,0
BRDA:326,32,1,0
BRDA:328,33,0,0
BRDA:328,33,1,0
BRDA:354,34,0,0
BRDA:354,34,1,0
BRF:71
BRH:0
end_of_record
TN:
SF:src\features\checkout\schemas\addressSchema.ts
FNF:0
FNH:0
DA:3,1
LF:1
LH:1
BRF:0
BRH:0
end_of_record
TN:
SF:src\features\checkout\store\checkoutSlice.ts
FN:35,(anonymous_0)
FN:38,(anonymous_1)
FN:41,(anonymous_2)
FNF:3
FNH:3
FNDA:10,(anonymous_0)
FNDA:8,(anonymous_1)
FNDA:2,(anonymous_2)
DA:18,18
DA:31,18
DA:36,10
DA:39,8
DA:41,2
DA:45,18
LF:6
LH:6
BRF:0
BRH:0
end_of_record
TN:
SF:src\features\cms\api.ts
FN:5,usePostsQuery
FN:8,(anonymous_1)
FN:15,usePostQuery
FN:19,(anonymous_3)
FN:26,usePageQuery
FN:30,(anonymous_5)
FN:37,useFaqsQuery
FN:40,(anonymous_7)
FN:47,useBannersQuery
FN:50,(anonymous_9)
FN:57,useMenuQuery
FN:61,(anonymous_11)
FNF:12
FNH:0
FNDA:0,usePostsQuery
FNDA:0,(anonymous_1)
FNDA:0,usePostQuery
FNDA:0,(anonymous_3)
FNDA:0,usePageQuery
FNDA:0,(anonymous_5)
FNDA:0,useFaqsQuery
FNDA:0,(anonymous_7)
FNDA:0,useBannersQuery
FNDA:0,(anonymous_9)
FNDA:0,useMenuQuery
FNDA:0,(anonymous_11)
DA:6,0
DA:9,0
DA:10,0
DA:16,0
DA:20,0
DA:21,0
DA:27,0
DA:31,0
DA:32,0
DA:38,0
DA:41,0
DA:42,0
DA:48,0
DA:51,0
DA:52,0
DA:58,0
DA:62,0
DA:63,0
LF:18
LH:0
BRDA:51,0,0,0
BRDA:51,0,1,0
BRF:2
BRH:0
end_of_record
TN:
SF:src\features\cms\pages\BlogListPage.tsx
FN:20,BlogListPage
FN:43,(anonymous_1)
FN:78,(anonymous_2)
FN:86,(anonymous_3)
FNF:4
FNH:2
FNDA:5,BlogListPage
FNDA:15,(anonymous_1)
FNDA:0,(anonymous_2)
FNDA:0,(anonymous_3)
DA:21,5
DA:22,5
DA:23,5
DA:24,5
DA:25,5
DA:27,5
DA:29,5
DA:44,15
DA:78,0
DA:86,0
LF:10
LH:8
BRDA:23,0,0,5
BRDA:23,0,1,5
BRDA:23,0,2,5
BRDA:24,1,0,0
BRDA:24,1,1,5
BRDA:25,2,0,5
BRDA:25,2,1,5
BRDA:25,2,2,5
BRDA:27,3,0,0
BRDA:27,3,1,5
BRDA:47,4,0,15
BRDA:47,4,1,0
BRDA:55,5,0,15
BRDA:55,5,1,15
BRDA:63,6,0,15
BRDA:63,6,1,15
BRDA:68,7,0,15
BRDA:68,7,1,15
BRDA:75,8,0,5
BRDA:75,8,1,0
BRDA:75,8,2,0
BRF:21
BRH:16
end_of_record
TN:
SF:src\features\cms\pages\BlogPostPage.tsx
FN:7,BlogPostPage
FN:15,(anonymous_1)
FN:69,(anonymous_2)
FNF:3
FNH:2
FNDA:4,BlogPostPage
FNDA:4,(anonymous_1)
FNDA:0,(anonymous_2)
DA:8,4
DA:9,4
DA:10,4
DA:12,4
DA:14,4
DA:15,4
DA:18,4
DA:19,0
DA:27,4
DA:70,0
LF:10
LH:8
BRDA:9,0,0,4
BRDA:9,0,1,0
BRDA:12,1,0,0
BRDA:12,1,1,4
BRDA:14,2,0,4
BRDA:14,2,1,0
BRDA:14,3,0,4
BRDA:14,3,1,0
BRDA:18,4,0,0
BRDA:18,4,1,4
BRDA:30,5,0,4
BRDA:30,5,1,0
BRDA:31,6,0,4
BRDA:31,6,1,4
BRDA:37,7,0,4
BRDA:37,7,1,4
BRDA:44,8,0,4
BRDA:44,8,1,4
BRDA:49,9,0,4
BRDA:49,9,1,4
BRDA:58,10,0,4
BRDA:58,10,1,4
BRDA:67,11,0,4
BRDA:67,11,1,0
BRDA:67,11,2,0
BRF:25
BRH:17
end_of_record
TN:
SF:src\features\cms\pages\DynamicPage.tsx
FN:7,DynamicPage
FNF:1
FNH:1
FNDA:3,DynamicPage
DA:8,3
DA:9,3
DA:10,3
DA:11,3
DA:14,3
DA:15,3
DA:17,3
DA:19,3
DA:20,3
DA:39,0
LF:10
LH:9
BRDA:9,0,0,3
BRDA:9,0,1,0
BRDA:11,1,0,3
BRDA:11,1,1,3
BRDA:14,2,0,3
BRDA:14,2,1,0
BRDA:14,2,2,0
BRDA:14,2,3,0
BRDA:15,3,0,0
BRDA:15,3,1,3
BRDA:15,4,0,0
BRDA:15,4,1,3
BRDA:17,5,0,0
BRDA:17,5,1,3
BRDA:19,6,0,3
BRDA:19,6,1,0
BRDA:42,7,0,0
BRDA:42,7,1,0
BRDA:43,8,0,3
BRDA:43,8,1,0
BRDA:50,9,0,3
BRDA:50,9,1,0
BRDA:50,9,2,0
BRF:23
BRH:10
end_of_record
TN:
SF:src\features\cms\pages\FaqPage.tsx
FN:14,FaqPage
FN:23,(anonymous_1)
FN:43,(anonymous_2)
FN:47,(anonymous_3)
FN:50,(anonymous_4)
FNF:5
FNH:5
FNDA:9,FaqPage
FNDA:72,(anonymous_1)
FNDA:27,(anonymous_2)
FNDA:72,(anonymous_3)
FNDA:3,(anonymous_4)
DA:15,9
DA:16,9
DA:17,9
DA:18,9
DA:20,9
DA:23,9
DA:24,72
DA:25,72
DA:26,72
DA:27,72
DA:30,9
DA:44,27
DA:48,72
DA:50,3
LF:14
LH:14
BRDA:16,0,0,9
BRDA:16,0,1,9
BRDA:17,1,0,0
BRDA:17,1,1,9
BRDA:20,2,0,0
BRDA:20,2,1,9
BRDA:24,3,0,72
BRDA:24,3,1,0
BRDA:25,4,0,27
BRDA:25,4,1,45
BRDA:50,5,0,1
BRDA:50,5,1,2
BRDA:54,6,0,2
BRDA:54,6,1,70
BRDA:58,7,0,72
BRDA:58,7,1,2
BRF:16
BRH:13
end_of_record
TN:
SF:src\features\orders\api.ts
FN:5,useOrdersQuery
FN:8,(anonymous_1)
FN:15,useOrderQuery
FN:19,(anonymous_3)
FN:26,useOrderTrackingQuery
FN:30,(anonymous_5)
FN:37,useCancelOrderMutation
FN:40,(anonymous_7)
FN:44,(anonymous_8)
FN:51,useReturnRequestMutation
FN:53,(anonymous_10)
FNF:11
FNH:0
FNDA:0,useOrdersQuery
FNDA:0,(anonymous_1)
FNDA:0,useOrderQuery
FNDA:0,(anonymous_3)
FNDA:0,useOrderTrackingQuery
FNDA:0,(anonymous_5)
FNDA:0,useCancelOrderMutation
FNDA:0,(anonymous_7)
FNDA:0,(anonymous_8)
FNDA:0,useReturnRequestMutation
FNDA:0,(anonymous_10)
DA:6,0
DA:9,0
DA:10,0
DA:16,0
DA:20,0
DA:21,0
DA:27,0
DA:31,0
DA:32,0
DA:38,0
DA:39,0
DA:41,0
DA:42,0
DA:45,0
DA:46,0
DA:52,0
DA:54,0
DA:55,0
LF:18
LH:0
BRF:0
BRH:0
end_of_record
TN:
SF:src\features\orders\pages\OrderDetailPage.tsx
FN:8,(anonymous_0)
FN:36,OrderDetailPage
FN:61,(anonymous_2)
FN:83,(anonymous_3)
FN:86,(anonymous_4)
FN:99,(anonymous_5)
FN:104,(anonymous_6)
FN:115,(anonymous_7)
FN:136,(anonymous_8)
FNF:9
FNH:0
FNDA:0,(anonymous_0)
FNDA:0,OrderDetailPage
FNDA:0,(anonymous_2)
FNDA:0,(anonymous_3)
FNDA:0,(anonymous_4)
FNDA:0,(anonymous_5)
FNDA:0,(anonymous_6)
FNDA:0,(anonymous_7)
FNDA:0,(anonymous_8)
DA:8,0
DA:9,0
DA:13,0
DA:37,0
DA:38,0
DA:39,0
DA:40,0
DA:41,0
DA:42,0
DA:44,0
DA:45,0
DA:47,0
DA:49,0
DA:50,0
DA:58,0
DA:59,0
DA:61,0
DA:62,0
DA:63,0
DA:64,0
DA:68,0
DA:83,0
DA:86,0
DA:99,0
DA:104,0
DA:116,0
DA:137,0
LF:27
LH:0
BRDA:13,0,0,0
BRDA:13,0,1,0
BRDA:38,1,0,0
BRDA:38,1,1,0
BRDA:39,2,0,0
BRDA:39,2,1,0
BRDA:45,3,0,0
BRDA:45,3,1,0
BRDA:47,4,0,0
BRDA:47,4,1,0
BRDA:49,5,0,0
BRDA:49,5,1,0
BRDA:58,6,0,0
BRDA:58,6,1,0
BRDA:85,7,0,0
BRDA:85,7,1,0
BRDA:92,8,0,0
BRDA:92,8,1,0
BRDA:119,9,0,0
BRDA:119,9,1,0
BRDA:132,10,0,0
BRDA:132,10,1,0
BRDA:139,11,0,0
BRDA:139,11,1,0
BRDA:140,12,0,0
BRDA:140,12,1,0
BRDA:144,13,0,0
BRDA:144,13,1,0
BRDA:146,14,0,0
BRDA:146,14,1,0
BRDA:165,15,0,0
BRDA:165,15,1,0
BRDA:173,16,0,0
BRDA:173,16,1,0
BRDA:175,17,0,0
BRDA:175,17,1,0
BRDA:191,18,0,0
BRDA:191,18,1,0
BRDA:197,19,0,0
BRDA:197,19,1,0
BRDA:205,20,0,0
BRDA:205,20,1,0
BRDA:210,21,0,0
BRDA:210,21,1,0
BRF:44
BRH:0
end_of_record
TN:
SF:src\features\orders\pages\OrderListPage.tsx
FN:7,(anonymous_0)
FN:25,OrderListPage
FN:46,(anonymous_2)
FN:61,(anonymous_3)
FN:68,(anonymous_4)
FN:81,(anonymous_5)
FN:89,(anonymous_6)
FNF:7
FNH:1
FNDA:0,(anonymous_0)
FNDA:4,OrderListPage
FNDA:0,(anonymous_2)
FNDA:0,(anonymous_3)
FNDA:0,(anonymous_4)
FNDA:0,(anonymous_5)
FNDA:0,(anonymous_6)
DA:7,1
DA:8,0
DA:12,0
DA:26,4
DA:27,4
DA:28,4
DA:29,4
DA:31,4
DA:33,4
DA:47,0
DA:61,0
DA:69,0
DA:81,0
DA:89,0
LF:14
LH:7
BRDA:12,0,0,0
BRDA:12,0,1,0
BRDA:28,1,0,4
BRDA:28,1,1,4
BRDA:28,1,2,4
BRDA:29,2,0,4
BRDA:29,2,1,4
BRDA:29,2,2,4
BRDA:31,3,0,0
BRDA:31,3,1,4
BRDA:37,4,0,4
BRDA:37,4,1,0
BRDA:66,5,0,0
BRDA:66,5,1,0
BRDA:66,5,2,0
BRDA:71,6,0,0
BRDA:71,6,1,0
BRDA:78,7,0,0
BRDA:78,7,1,0
BRDA:78,7,2,0
BRF:20
BRH:8
end_of_record
TN:
SF:src\features\payment\pages\OrderConfirmationPage.tsx
FN:4,OrderConfirmationPage
FNF:1
FNH:0
FNDA:0,OrderConfirmationPage
DA:5,0
LF:1
LH:0
BRF:0
BRH:0
end_of_record
TN:
SF:src\lib\fallbackData.ts
FN:437,resolveFallbackImage
FN:444,(anonymous_1)
FN:449,(anonymous_2)
FNF:3
FNH:3
FNDA:4,resolveFallbackImage
FNDA:42,(anonymous_1)
FNDA:27,(anonymous_2)
DA:20,8
DA:431,8
DA:438,4
DA:439,1
DA:440,1
DA:444,42
DA:447,3
DA:448,1
DA:449,1
DA:450,27
DA:455,3
DA:456,2
DA:460,1
DA:461,4
DA:464,8
DA:475,8
DA:600,8
LF:17
LH:17
BRDA:438,0,0,1
BRDA:438,0,1,3
BRDA:439,1,0,1
BRDA:439,1,1,0
BRDA:440,2,0,1
BRDA:440,2,1,0
BRDA:444,3,0,42
BRDA:444,3,1,41
BRDA:447,4,0,1
BRDA:447,4,1,2
BRDA:450,5,0,27
BRDA:450,5,1,27
BRDA:455,6,0,2
BRDA:455,6,1,1
BRDA:460,7,0,1
BRDA:460,7,1,0
BRDA:461,8,0,4
BRDA:461,8,1,0
BRF:18
BRH:14
end_of_record
TN:
SF:src\lib\api\client.ts
FN:12,singleFlightRefresh
FN:16,(anonymous_1)
FN:17,(anonymous_2)
FN:18,(anonymous_3)
FN:26,(anonymous_4)
FN:42,(anonymous_5)
FN:43,(anonymous_6)
FNF:7
FNH:0
FNDA:0,singleFlightRefresh
FNDA:0,(anonymous_1)
FNDA:0,(anonymous_2)
FNDA:0,(anonymous_3)
FNDA:0,(anonymous_4)
FNDA:0,(anonymous_5)
FNDA:0,(anonymous_6)
DA:5,0
DA:10,0
DA:13,0
DA:14,0
DA:16,0
DA:17,0
DA:19,0
DA:23,0
DA:26,0
DA:27,0
DA:28,0
DA:29,0
DA:30,0
DA:33,0
DA:34,0
DA:35,0
DA:38,0
DA:41,0
DA:42,0
DA:44,0
DA:45,0
DA:46,0
DA:48,0
DA:49,0
DA:51,0
DA:52,0
DA:53,0
DA:54,0
DA:58,0
DA:61,0
DA:64,0
LF:31
LH:0
BRDA:13,0,0,0
BRDA:13,0,1,0
BRDA:16,1,0,0
BRDA:16,1,1,0
BRDA:16,1,2,0
BRDA:29,2,0,0
BRDA:29,2,1,0
BRDA:34,3,0,0
BRDA:34,3,1,0
BRDA:34,4,0,0
BRDA:34,4,1,0
BRDA:44,5,0,0
BRDA:44,5,1,0
BRDA:45,6,0,0
BRDA:45,6,1,0
BRDA:48,7,0,0
BRDA:48,7,1,0
BRDA:48,8,0,0
BRDA:48,8,1,0
BRDA:48,8,2,0
BRDA:52,9,0,0
BRDA:52,9,1,0
BRF:22
BRH:0
end_of_record
TN:
SF:src\lib\query\client.ts
FNF:0
FNH:0
DA:3,0
LF:1
LH:0
BRF:0
BRH:0
end_of_record
TN:
SF:src\lib\query\keys.ts
FN:6,(anonymous_0)
FN:7,(anonymous_1)
FN:10,(anonymous_2)
FN:14,(anonymous_3)
FN:21,(anonymous_4)
FN:22,(anonymous_5)
FN:23,(anonymous_6)
FN:26,(anonymous_7)
FN:27,(anonymous_8)
FN:28,(anonymous_9)
FN:30,(anonymous_10)
FN:31,(anonymous_11)
FN:34,(anonymous_12)
FN:35,(anonymous_13)
FN:36,(anonymous_14)
FN:37,(anonymous_15)
FN:38,(anonymous_16)
FN:39,(anonymous_17)
FN:40,(anonymous_18)
FN:41,(anonymous_19)
FN:42,(anonymous_20)
FN:43,(anonymous_21)
FN:44,(anonymous_22)
FN:45,(anonymous_23)
FN:46,(anonymous_24)
FN:47,(anonymous_25)
FNF:26
FNH:11
FNDA:1,(anonymous_0)
FNDA:1,(anonymous_1)
FNDA:1,(anonymous_2)
FNDA:1,(anonymous_3)
FNDA:1,(anonymous_4)
FNDA:1,(anonymous_5)
FNDA:0,(anonymous_6)
FNDA:1,(anonymous_7)
FNDA:1,(anonymous_8)
FNDA:0,(anonymous_9)
FNDA:1,(anonymous_10)
FNDA:0,(anonymous_11)
FNDA:1,(anonymous_12)
FNDA:1,(anonymous_13)
FNDA:0,(anonymous_14)
FNDA:0,(anonymous_15)
FNDA:0,(anonymous_16)
FNDA:0,(anonymous_17)
FNDA:0,(anonymous_18)
FNDA:0,(anonymous_19)
FNDA:0,(anonymous_20)
FNDA:0,(anonymous_21)
FNDA:0,(anonymous_22)
FNDA:0,(anonymous_23)
FNDA:0,(anonymous_24)
FNDA:0,(anonymous_25)
DA:1,1
DA:6,1
DA:7,1
DA:10,1
DA:14,1
DA:21,1
DA:22,1
DA:23,0
DA:26,1
DA:27,1
DA:28,0
DA:30,1
DA:31,0
DA:34,1
DA:35,1
DA:36,0
DA:37,0
DA:38,0
DA:39,0
DA:40,0
DA:41,0
DA:42,0
DA:43,0
DA:44,0
DA:45,0
DA:46,0
DA:47,0
LF:27
LH:12
BRF:0
BRH:0
end_of_record
TN:
SF:src\lib\utils\hooks.ts
FN:4,(anonymous_0)
FNF:1
FNH:1
FNDA:33,(anonymous_0)
DA:4,33
DA:5,5
LF:2
LH:2
BRF:0
BRH:0
end_of_record
TN:
SF:src\lib\utils\usePageScrollReveal.ts
FN:7,usePageScrollReveal
FN:8,(anonymous_1)
FN:22,(anonymous_2)
FN:23,(anonymous_3)
FN:37,(anonymous_4)
FN:39,(anonymous_5)
FN:43,(anonymous_6)
FN:47,(anonymous_7)
FN:50,(anonymous_8)
FN:60,(anonymous_9)
FN:87,(anonymous_10)
FN:94,(anonymous_11)
FN:95,(anonymous_12)
FN:100,(anonymous_13)
FNF:14
FNH:0
FNDA:0,usePageScrollReveal
FNDA:0,(anonymous_1)
FNDA:0,(anonymous_2)
FNDA:0,(anonymous_3)
FNDA:0,(anonymous_4)
FNDA:0,(anonymous_5)
FNDA:0,(anonymous_6)
FNDA:0,(anonymous_7)
FNDA:0,(anonymous_8)
FNDA:0,(anonymous_9)
FNDA:0,(anonymous_10)
FNDA:0,(anonymous_11)
FNDA:0,(anonymous_12)
FNDA:0,(anonymous_13)
DA:3,0
DA:5,0
DA:8,0
DA:9,0
DA:10,0
DA:12,0
DA:13,0
DA:14,0
DA:17,0
DA:19,0
DA:23,0
DA:24,0
DA:26,0
DA:27,0
DA:28,0
DA:37,0
DA:38,0
DA:39,0
DA:41,0
DA:42,0
DA:43,0
DA:47,0
DA:48,0
DA:50,0
DA:51,0
DA:52,0
DA:54,0
DA:56,0
DA:57,0
DA:60,0
DA:61,0
DA:62,0
DA:65,0
DA:66,0
DA:67,0
DA:70,0
DA:71,0
DA:72,0
DA:75,0
DA:76,0
DA:77,0
DA:80,0
DA:81,0
DA:85,0
DA:87,0
DA:88,0
DA:91,0
DA:94,0
DA:95,0
DA:96,0
DA:100,0
DA:101,0
DA:102,0
DA:103,0
LF:54
LH:0
BRDA:10,0,0,0
BRDA:10,0,1,0
BRDA:13,1,0,0
BRDA:13,1,1,0
BRDA:13,2,0,0
BRDA:13,2,1,0
BRDA:19,3,0,0
BRDA:19,3,1,0
BRDA:24,4,0,0
BRDA:24,4,1,0
BRDA:52,5,0,0
BRDA:52,5,1,0
BRDA:56,6,0,0
BRDA:56,6,1,0
BRDA:61,7,0,0
BRDA:61,7,1,0
BRDA:65,8,0,0
BRDA:65,8,1,0
BRDA:71,9,0,0
BRDA:71,9,1,0
BRDA:75,10,0,0
BRDA:75,10,1,0
BRF:22
BRH:0
end_of_record
TN:
SF:src\pages\AboutPage.tsx
FN:5,AboutPage
FNF:1
FNH:1
FNDA:6,AboutPage
DA:3,1
DA:6,6
LF:2
LH:2
BRF:0
BRH:0
end_of_record
TN:
SF:src\pages\HomePage.tsx
FN:52,HomePage
FN:63,(anonymous_1)
FN:64,(anonymous_2)
FN:72,(anonymous_3)
FN:85,(anonymous_4)
FN:98,(anonymous_5)
FN:194,(anonymous_6)
FN:195,(anonymous_7)
FN:223,(anonymous_8)
FN:240,(anonymous_9)
FN:297,(anonymous_10)
FN:298,(anonymous_11)
FN:298,(anonymous_12)
FN:299,(anonymous_13)
FN:299,(anonymous_14)
FN:356,(anonymous_15)
FNF:16
FNH:10
FNDA:8,HomePage
FNDA:216,(anonymous_1)
FNDA:2808,(anonymous_2)
FNDA:0,(anonymous_3)
FNDA:8,(anonymous_4)
FNDA:8,(anonymous_5)
FNDA:64,(anonymous_6)
FNDA:64,(anonymous_7)
FNDA:128,(anonymous_8)
FNDA:0,(anonymous_9)
FNDA:32,(anonymous_10)
FNDA:0,(anonymous_11)
FNDA:0,(anonymous_12)
FNDA:0,(anonymous_13)
FNDA:0,(anonymous_14)
FNDA:24,(anonymous_15)
DA:23,1
DA:24,1
DA:27,1
DA:53,8
DA:54,8
DA:55,8
DA:56,8
DA:58,8
DA:59,8
DA:62,8
DA:63,8
DA:64,2808
DA:65,216
DA:69,8
DA:70,8
DA:72,8
DA:73,0
DA:74,0
DA:77,8
DA:85,8
DA:86,8
DA:98,8
DA:99,8
DA:115,8
DA:195,64
DA:196,64
DA:197,64
DA:198,0
DA:200,64
DA:201,64
DA:202,64
DA:203,64
DA:204,64
DA:205,64
DA:206,64
DA:207,64
DA:223,128
DA:241,0
DA:242,0
DA:298,32
DA:299,0
DA:357,24
LF:42
LH:36
BRDA:58,0,0,8
BRDA:58,0,1,8
BRDA:58,0,2,8
BRDA:59,1,0,8
BRDA:59,1,1,8
BRDA:64,2,0,216
BRDA:64,2,1,0
BRDA:64,3,0,2808
BRDA:64,3,1,2808
BRDA:70,4,0,0
BRDA:70,4,1,8
BRDA:195,5,0,64
BRDA:195,5,1,0
BRDA:197,6,0,0
BRDA:197,6,1,64
BRDA:198,7,0,0
BRDA:198,7,1,0
BRDA:200,8,0,64
BRDA:200,8,1,0
BRDA:201,9,0,64
BRDA:201,9,1,0
BRDA:201,9,2,0
BRDA:202,10,0,64
BRDA:202,10,1,0
BRDA:202,10,2,0
BRDA:203,11,0,64
BRDA:203,11,1,0
BRDA:204,12,0,64
BRDA:204,12,1,0
BRDA:205,13,0,64
BRDA:205,13,1,32
BRDA:206,14,0,64
BRDA:206,14,1,0
BRDA:211,15,0,64
BRDA:211,15,1,0
BRDA:212,16,0,64
BRDA:212,16,1,32
BRDA:216,17,0,64
BRDA:216,17,1,64
BRDA:220,18,0,64
BRDA:220,18,1,64
BRDA:221,19,0,64
BRDA:221,19,1,64
BRDA:226,20,0,64
BRDA:226,20,1,64
BRDA:230,21,0,64
BRDA:230,21,1,64
BRDA:230,21,2,64
BRDA:237,22,0,64
BRDA:237,22,1,0
BRF:50
BRH:34
end_of_record
TN:
SF:src\pages\NotFoundPage.tsx
FN:1,NotFoundPage
FNF:1
FNH:1
FNDA:3,NotFoundPage
DA:2,3
LF:1
LH:1
BRF:0
BRH:0
end_of_record
